2022-08-01 16:35:08,952 INFO [main] c.e.h.HelloWorldApplication [StartupInfoLogger.java:55] Starting HelloWorldApplication using Java 17.0.3 on BLRKEC401299L with PID 6468 (D:\Springboot_Workspace\demo-app\target\classes started by pradeep.thakur in D:\Springboot_Workspace\demo-app)
2022-08-01 16:35:08,954 INFO [main] c.e.h.HelloWorldApplication [SpringApplication.java:675] No active profile set, falling back to default profiles: default
2022-08-01 16:35:09,651 INFO [main] o.s.b.w.e.t.TomcatWebServer [TomcatWebServer.java:108] Tomcat initialized with port(s): 8080 (http)
2022-08-01 16:35:09,658 INFO [main] o.a.c.h.Http11NioProtocol [DirectJDKLog.java:173] Initializing ProtocolHandler ["http-nio-8080"]
2022-08-01 16:35:09,658 INFO [main] o.a.c.c.StandardService [DirectJDKLog.java:173] Starting service [Tomcat]
2022-08-01 16:35:09,659 INFO [main] o.a.c.c.StandardEngine [DirectJDKLog.java:173] Starting Servlet engine: [Apache Tomcat/9.0.45]
2022-08-01 16:35:09,713 INFO [main] o.a.c.c.C.[.[.[/] [DirectJDKLog.java:173] Initializing Spring embedded WebApplicationContext
2022-08-01 16:35:09,713 INFO [main] o.s.b.w.s.c.ServletWebServerApplicationContext [ServletWebServerApplicationContext.java:289] Root WebApplicationContext: initialization completed in 730 ms
2022-08-01 16:35:09,898 INFO [main] o.s.s.c.ThreadPoolTaskExecutor [ExecutorConfigurationSupport.java:181] Initializing ExecutorService 'applicationTaskExecutor'
2022-08-01 16:35:10,094 INFO [main] o.s.b.a.e.w.EndpointLinksResolver [EndpointLinksResolver.java:58] Exposing 2 endpoint(s) beneath base path '/actuator'
2022-08-01 16:35:10,114 INFO [main] o.a.c.h.Http11NioProtocol [DirectJDKLog.java:173] Starting ProtocolHandler ["http-nio-8080"]
2022-08-01 16:35:10,153 INFO [main] o.s.b.w.e.t.TomcatWebServer [TomcatWebServer.java:220] Tomcat started on port(s): 8080 (http) with context path ''
2022-08-01 16:35:10,166 INFO [main] c.e.h.HelloWorldApplication [StartupInfoLogger.java:61] Started HelloWorldApplication in 1.431 seconds (JVM running for 1.971)
2022-08-01 16:35:11,717 INFO [RMI TCP Connection(1)-127.0.0.1] o.a.c.c.C.[.[.[/] [DirectJDKLog.java:173] Initializing Spring DispatcherServlet 'dispatcherServlet'
2022-08-01 16:35:11,717 INFO [RMI TCP Connection(1)-127.0.0.1] o.s.w.s.DispatcherServlet [FrameworkServlet.java:525] Initializing Servlet 'dispatcherServlet'
2022-08-01 16:35:11,718 INFO [RMI TCP Connection(1)-127.0.0.1] o.s.w.s.DispatcherServlet [FrameworkServlet.java:547] Completed initialization in 1 ms
2022-08-01 16:35:34,261 INFO [Thread-2] c.e.h.c.HelloWorldController [HelloWorldController.java:22] logger count 0
2022-08-01 16:35:39,266 INFO [Thread-2] c.e.h.c.HelloWorldController [HelloWorldController.java:22] logger count 1
2022-08-01 16:35:44,282 INFO [Thread-2] c.e.h.c.HelloWorldController [HelloWorldController.java:22] logger count 2
2022-08-01 16:35:49,290 INFO [Thread-2] c.e.h.c.HelloWorldController [HelloWorldController.java:22] logger count 3
2022-08-01 16:35:54,298 INFO [Thread-2] c.e.h.c.HelloWorldController [HelloWorldController.java:22] logger count 4
2022-08-01 16:35:59,311 INFO [Thread-2] c.e.h.c.HelloWorldController [HelloWorldController.java:22] logger count 5
2022-08-01 16:36:04,313 INFO [Thread-2] c.e.h.c.HelloWorldController [HelloWorldController.java:22] logger count 6
2022-08-01 16:36:09,328 INFO [Thread-2] c.e.h.c.HelloWorldController [HelloWorldController.java:22] logger count 7
2022-08-01 16:36:14,343 INFO [Thread-2] c.e.h.c.HelloWorldController [HelloWorldController.java:22] logger count 8
2022-08-01 16:36:19,346 INFO [Thread-2] c.e.h.c.HelloWorldController [HelloWorldController.java:22] logger count 9
2022-08-01 16:36:24,359 INFO [Thread-2] c.e.h.c.HelloWorldController [HelloWorldController.java:22] logger count 10
2022-08-01 16:36:29,370 INFO [Thread-2] c.e.h.c.HelloWorldController [HelloWorldController.java:22] logger count 11
2022-08-01 16:36:31,103 INFO [RMI TCP Connection(3)-127.0.0.1] o.s.b.a.SpringApplicationAdminMXBeanRegistrar$SpringApplicationAdmin [SpringApplicationAdminMXBeanRegistrar.java:159] Application shutdown requested.
2022-08-01 16:36:31,127 INFO [RMI TCP Connection(3)-127.0.0.1] o.s.s.c.ThreadPoolTaskExecutor [ExecutorConfigurationSupport.java:218] Shutting down ExecutorService 'applicationTaskExecutor'
2022-08-01 16:36:53,212 INFO [main] c.e.h.HelloWorldApplication [StartupInfoLogger.java:55] Starting HelloWorldApplication using Java 17.0.3 on BLRKEC401299L with PID 21676 (D:\Springboot_Workspace\demo-app\target\classes started by pradeep.thakur in D:\Springboot_Workspace\demo-app)
2022-08-01 16:36:53,217 INFO [main] c.e.h.HelloWorldApplication [SpringApplication.java:675] No active profile set, falling back to default profiles: default
2022-08-01 16:36:53,955 INFO [main] o.s.b.w.e.t.TomcatWebServer [TomcatWebServer.java:108] Tomcat initialized with port(s): 8080 (http)
2022-08-01 16:36:53,961 INFO [main] o.a.c.h.Http11NioProtocol [DirectJDKLog.java:173] Initializing ProtocolHandler ["http-nio-8080"]
2022-08-01 16:36:53,961 INFO [main] o.a.c.c.StandardService [DirectJDKLog.java:173] Starting service [Tomcat]
2022-08-01 16:36:53,961 INFO [main] o.a.c.c.StandardEngine [DirectJDKLog.java:173] Starting Servlet engine: [Apache Tomcat/9.0.45]
2022-08-01 16:36:54,031 INFO [main] o.a.c.c.C.[.[.[/] [DirectJDKLog.java:173] Initializing Spring embedded WebApplicationContext
2022-08-01 16:36:54,032 INFO [main] o.s.b.w.s.c.ServletWebServerApplicationContext [ServletWebServerApplicationContext.java:289] Root WebApplicationContext: initialization completed in 779 ms
2022-08-01 16:36:54,257 INFO [main] o.s.s.c.ThreadPoolTaskExecutor [ExecutorConfigurationSupport.java:181] Initializing ExecutorService 'applicationTaskExecutor'
2022-08-01 16:36:54,464 INFO [main] o.s.b.a.e.w.EndpointLinksResolver [EndpointLinksResolver.java:58] Exposing 2 endpoint(s) beneath base path '/actuator'
2022-08-01 16:36:54,484 INFO [main] o.a.c.h.Http11NioProtocol [DirectJDKLog.java:173] Starting ProtocolHandler ["http-nio-8080"]
2022-08-01 16:36:54,520 INFO [main] o.s.b.w.e.t.TomcatWebServer [TomcatWebServer.java:220] Tomcat started on port(s): 8080 (http) with context path ''
2022-08-01 16:36:54,533 INFO [main] c.e.h.HelloWorldApplication [StartupInfoLogger.java:61] Started HelloWorldApplication in 1.561 seconds (JVM running for 2.29)
2022-08-01 16:36:57,185 INFO [RMI TCP Connection(1)-127.0.0.1] o.a.c.c.C.[.[.[/] [DirectJDKLog.java:173] Initializing Spring DispatcherServlet 'dispatcherServlet'
2022-08-01 16:36:57,186 INFO [RMI TCP Connection(1)-127.0.0.1] o.s.w.s.DispatcherServlet [FrameworkServlet.java:525] Initializing Servlet 'dispatcherServlet'
2022-08-01 16:36:57,187 INFO [RMI TCP Connection(1)-127.0.0.1] o.s.w.s.DispatcherServlet [FrameworkServlet.java:547] Completed initialization in 1 ms
2022-08-01 16:37:05,826 INFO [Thread-2] c.e.h.c.HelloWorldController [HelloWorldController.java:22] logger count 0
2022-08-01 16:37:10,835 INFO [Thread-2] c.e.h.c.HelloWorldController [HelloWorldController.java:22] logger count 1
2022-08-01 16:37:15,845 INFO [Thread-2] c.e.h.c.HelloWorldController [HelloWorldController.java:22] logger count 2
2022-08-01 16:37:20,860 INFO [Thread-2] c.e.h.c.HelloWorldController [HelloWorldController.java:22] logger count 3
2022-08-01 16:37:25,868 INFO [Thread-2] c.e.h.c.HelloWorldController [HelloWorldController.java:22] logger count 4
2022-08-01 16:37:30,883 INFO [Thread-2] c.e.h.c.HelloWorldController [HelloWorldController.java:22] logger count 5
2022-08-01 16:37:35,896 INFO [Thread-2] c.e.h.c.HelloWorldController [HelloWorldController.java:22] logger count 6
2022-08-01 16:37:40,901 INFO [Thread-2] c.e.h.c.HelloWorldController [HelloWorldController.java:22] logger count 7
2022-08-01 16:37:45,902 INFO [Thread-2] c.e.h.c.HelloWorldController [HelloWorldController.java:22] logger count 8
2022-08-01 16:37:50,914 INFO [Thread-2] c.e.h.c.HelloWorldController [HelloWorldController.java:22] logger count 9
2022-08-01 16:37:55,930 INFO [Thread-2] c.e.h.c.HelloWorldController [HelloWorldController.java:22] logger count 10
2022-08-01 16:38:00,933 INFO [Thread-2] c.e.h.c.HelloWorldController [HelloWorldController.java:22] logger count 11
2022-08-01 16:38:05,939 INFO [Thread-2] c.e.h.c.HelloWorldController [HelloWorldController.java:22] logger count 12
2022-08-01 16:38:10,942 INFO [Thread-2] c.e.h.c.HelloWorldController [HelloWorldController.java:22] logger count 13
2022-08-01 16:38:15,945 INFO [Thread-2] c.e.h.c.HelloWorldController [HelloWorldController.java:22] logger count 14
2022-08-01 16:38:20,959 INFO [Thread-2] c.e.h.c.HelloWorldController [HelloWorldController.java:22] logger count 15
2022-08-01 16:38:25,967 INFO [Thread-2] c.e.h.c.HelloWorldController [HelloWorldController.java:22] logger count 16
2022-08-01 16:38:30,983 INFO [Thread-2] c.e.h.c.HelloWorldController [HelloWorldController.java:22] logger count 17
