2022-08-01 16:40:38,129 INFO [main] c.e.h.HelloWorldApplication [StartupInfoLogger.java:55] Starting HelloWorldApplication using Java 17.0.3 on BLRKEC401299L with PID 18908 (D:\Springboot_Workspace\demo-app\target\classes started by pradeep.thakur in D:\Springboot_Workspace\demo-app)
2022-08-01 16:40:38,136 INFO [main] c.e.h.HelloWorldApplication [SpringApplication.java:675] No active profile set, falling back to default profiles: default
2022-08-01 16:40:38,885 INFO [main] o.s.b.w.e.t.TomcatWebServer [TomcatWebServer.java:108] Tomcat initialized with port(s): 8080 (http)
2022-08-01 16:40:38,893 INFO [main] o.a.c.h.Http11NioProtocol [DirectJDKLog.java:173] Initializing ProtocolHandler ["http-nio-8080"]
2022-08-01 16:40:38,893 INFO [main] o.a.c.c.StandardService [DirectJDKLog.java:173] Starting service [Tomcat]
2022-08-01 16:40:38,905 INFO [main] o.a.c.c.StandardEngine [DirectJDKLog.java:173] Starting Servlet engine: [Apache Tomcat/9.0.45]
2022-08-01 16:40:38,970 INFO [main] o.a.c.c.C.[.[.[/] [DirectJDKLog.java:173] Initializing Spring embedded WebApplicationContext
2022-08-01 16:40:38,970 INFO [main] o.s.b.w.s.c.ServletWebServerApplicationContext [ServletWebServerApplicationContext.java:289] Root WebApplicationContext: initialization completed in 798 ms
2022-08-01 16:40:39,187 INFO [main] o.s.s.c.ThreadPoolTaskExecutor [ExecutorConfigurationSupport.java:181] Initializing ExecutorService 'applicationTaskExecutor'
2022-08-01 16:40:39,401 INFO [main] o.s.b.a.e.w.EndpointLinksResolver [EndpointLinksResolver.java:58] Exposing 2 endpoint(s) beneath base path '/actuator'
2022-08-01 16:40:39,421 INFO [main] o.a.c.h.Http11NioProtocol [DirectJDKLog.java:173] Starting ProtocolHandler ["http-nio-8080"]
2022-08-01 16:40:39,456 INFO [main] o.s.b.w.e.t.TomcatWebServer [TomcatWebServer.java:220] Tomcat started on port(s): 8080 (http) with context path ''
2022-08-01 16:40:39,469 INFO [main] c.e.h.HelloWorldApplication [StartupInfoLogger.java:61] Started HelloWorldApplication in 1.578 seconds (JVM running for 2.295)
2022-08-01 16:40:40,133 INFO [RMI TCP Connection(1)-127.0.0.1] o.a.c.c.C.[.[.[/] [DirectJDKLog.java:173] Initializing Spring DispatcherServlet 'dispatcherServlet'
2022-08-01 16:40:40,134 INFO [RMI TCP Connection(1)-127.0.0.1] o.s.w.s.DispatcherServlet [FrameworkServlet.java:525] Initializing Servlet 'dispatcherServlet'
2022-08-01 16:40:40,135 INFO [RMI TCP Connection(1)-127.0.0.1] o.s.w.s.DispatcherServlet [FrameworkServlet.java:547] Completed initialization in 1 ms
2022-08-01 16:40:48,096 INFO [Thread-2] c.e.h.c.HelloWorldController [HelloWorldController.java:22] logger count 0
2022-08-01 16:40:53,101 INFO [Thread-2] c.e.h.c.HelloWorldController [HelloWorldController.java:22] logger count 1
2022-08-01 16:40:58,103 INFO [Thread-2] c.e.h.c.HelloWorldController [HelloWorldController.java:22] logger count 2
2022-08-01 16:41:03,112 INFO [Thread-2] c.e.h.c.HelloWorldController [HelloWorldController.java:22] logger count 3
2022-08-01 16:41:08,114 INFO [Thread-2] c.e.h.c.HelloWorldController [HelloWorldController.java:22] logger count 4
2022-08-01 16:41:13,116 INFO [Thread-2] c.e.h.c.HelloWorldController [HelloWorldController.java:22] logger count 5
2022-08-01 16:41:18,119 INFO [Thread-2] c.e.h.c.HelloWorldController [HelloWorldController.java:22] logger count 6
2022-08-01 16:41:23,128 INFO [Thread-2] c.e.h.c.HelloWorldController [HelloWorldController.java:22] logger count 7
2022-08-01 16:41:28,136 INFO [Thread-2] c.e.h.c.HelloWorldController [HelloWorldController.java:22] logger count 8
2022-08-02 11:23:31,185 INFO [main] c.e.h.HelloWorldApplication [StartupInfoLogger.java:55] Starting HelloWorldApplication using Java 17.0.3 on BLRKEC401299L with PID 12012 (D:\Springboot_Workspace\demo-app\target\classes started by pradeep.thakur in D:\Springboot_Workspace\demo-app)
2022-08-02 11:23:31,188 INFO [main] c.e.h.HelloWorldApplication [SpringApplication.java:675] No active profile set, falling back to default profiles: default
2022-08-02 11:23:32,146 INFO [main] o.s.b.w.e.t.TomcatWebServer [TomcatWebServer.java:108] Tomcat initialized with port(s): 8080 (http)
2022-08-02 11:23:32,157 INFO [main] o.a.c.h.Http11NioProtocol [DirectJDKLog.java:173] Initializing ProtocolHandler ["http-nio-8080"]
2022-08-02 11:23:32,157 INFO [main] o.a.c.c.StandardService [DirectJDKLog.java:173] Starting service [Tomcat]
2022-08-02 11:23:32,158 INFO [main] o.a.c.c.StandardEngine [DirectJDKLog.java:173] Starting Servlet engine: [Apache Tomcat/9.0.45]
2022-08-02 11:23:32,245 INFO [main] o.a.c.c.C.[.[.[/] [DirectJDKLog.java:173] Initializing Spring embedded WebApplicationContext
2022-08-02 11:23:32,245 INFO [main] o.s.b.w.s.c.ServletWebServerApplicationContext [ServletWebServerApplicationContext.java:289] Root WebApplicationContext: initialization completed in 1006 ms
2022-08-02 11:23:32,536 INFO [main] o.s.s.c.ThreadPoolTaskExecutor [ExecutorConfigurationSupport.java:181] Initializing ExecutorService 'applicationTaskExecutor'
2022-08-02 11:23:32,780 INFO [main] o.s.b.a.e.w.EndpointLinksResolver [EndpointLinksResolver.java:58] Exposing 2 endpoint(s) beneath base path '/actuator'
2022-08-02 11:23:32,803 INFO [main] o.a.c.h.Http11NioProtocol [DirectJDKLog.java:173] Starting ProtocolHandler ["http-nio-8080"]
2022-08-02 11:23:32,851 INFO [main] o.s.b.w.e.t.TomcatWebServer [TomcatWebServer.java:220] Tomcat started on port(s): 8080 (http) with context path ''
2022-08-02 11:23:32,862 INFO [main] c.e.h.HelloWorldApplication [StartupInfoLogger.java:61] Started HelloWorldApplication in 1.956 seconds (JVM running for 2.825)
2022-08-02 11:23:34,307 INFO [RMI TCP Connection(1)-127.0.0.1] o.a.c.c.C.[.[.[/] [DirectJDKLog.java:173] Initializing Spring DispatcherServlet 'dispatcherServlet'
2022-08-02 11:23:34,308 INFO [RMI TCP Connection(1)-127.0.0.1] o.s.w.s.DispatcherServlet [FrameworkServlet.java:525] Initializing Servlet 'dispatcherServlet'
2022-08-02 11:23:34,309 INFO [RMI TCP Connection(1)-127.0.0.1] o.s.w.s.DispatcherServlet [FrameworkServlet.java:547] Completed initialization in 1 ms
2022-08-02 11:24:35,000 INFO [Thread-2] c.e.h.c.HelloWorldController [HelloWorldController.java:25] logger count 0
2022-08-02 11:24:40,009 INFO [Thread-2] c.e.h.c.HelloWorldController [HelloWorldController.java:25] logger count 1
2022-08-02 11:24:45,021 INFO [Thread-2] c.e.h.c.HelloWorldController [HelloWorldController.java:25] logger count 2
2022-08-02 11:24:50,035 INFO [Thread-2] c.e.h.c.HelloWorldController [HelloWorldController.java:25] logger count 3
2022-08-02 11:24:55,040 INFO [Thread-2] c.e.h.c.HelloWorldController [HelloWorldController.java:25] logger count 4
2022-08-02 11:25:00,042 INFO [Thread-2] c.e.h.c.HelloWorldController [HelloWorldController.java:25] logger count 5
2022-08-02 11:25:05,053 INFO [Thread-2] c.e.h.c.HelloWorldController [HelloWorldController.java:25] logger count 6
2022-08-02 11:25:10,056 INFO [Thread-2] c.e.h.c.HelloWorldController [HelloWorldController.java:25] logger count 7
2022-08-02 11:25:15,059 INFO [Thread-2] c.e.h.c.HelloWorldController [HelloWorldController.java:25] logger count 8
2022-08-02 11:25:20,071 INFO [Thread-2] c.e.h.c.HelloWorldController [HelloWorldController.java:25] logger count 9
2022-08-02 11:25:25,086 INFO [Thread-2] c.e.h.c.HelloWorldController [HelloWorldController.java:25] logger count 10
2022-08-02 11:25:30,090 INFO [Thread-2] c.e.h.c.HelloWorldController [HelloWorldController.java:25] logger count 11
2022-08-02 11:25:35,094 INFO [Thread-2] c.e.h.c.HelloWorldController [HelloWorldController.java:25] logger count 12
2022-08-02 11:25:40,096 INFO [Thread-2] c.e.h.c.HelloWorldController [HelloWorldController.java:25] logger count 13
2022-08-02 11:25:45,101 INFO [Thread-2] c.e.h.c.HelloWorldController [HelloWorldController.java:25] logger count 14
2022-08-02 11:25:50,113 INFO [Thread-2] c.e.h.c.HelloWorldController [HelloWorldController.java:25] logger count 15
2022-08-02 11:25:52,587 INFO [Thread-3] c.e.h.c.HelloWorldController [HelloWorldController.java:25] logger count 0
2022-08-02 11:25:55,124 INFO [Thread-2] c.e.h.c.HelloWorldController [HelloWorldController.java:25] logger count 16
2022-08-02 11:25:57,603 INFO [Thread-3] c.e.h.c.HelloWorldController [HelloWorldController.java:25] logger count 1
2022-08-02 11:26:00,134 INFO [Thread-2] c.e.h.c.HelloWorldController [HelloWorldController.java:25] logger count 17
2022-08-02 11:26:02,607 INFO [Thread-3] c.e.h.c.HelloWorldController [HelloWorldController.java:25] logger count 2
2022-08-02 11:26:05,144 INFO [Thread-2] c.e.h.c.HelloWorldController [HelloWorldController.java:25] logger count 18
2022-08-02 11:26:07,610 INFO [Thread-3] c.e.h.c.HelloWorldController [HelloWorldController.java:25] logger count 3
2022-08-02 11:26:10,148 INFO [Thread-2] c.e.h.c.HelloWorldController [HelloWorldController.java:25] logger count 19
2022-08-02 11:26:12,611 INFO [Thread-3] c.e.h.c.HelloWorldController [HelloWorldController.java:25] logger count 4
2022-08-02 11:26:15,154 INFO [Thread-2] c.e.h.c.HelloWorldController [HelloWorldController.java:25] logger count 20
2022-08-02 11:26:17,620 INFO [Thread-3] c.e.h.c.HelloWorldController [HelloWorldController.java:25] logger count 5
2022-08-02 11:26:20,157 INFO [Thread-2] c.e.h.c.HelloWorldController [HelloWorldController.java:25] logger count 21
2022-08-02 11:26:22,622 INFO [Thread-3] c.e.h.c.HelloWorldController [HelloWorldController.java:25] logger count 6
2022-08-02 11:26:25,162 INFO [Thread-2] c.e.h.c.HelloWorldController [HelloWorldController.java:25] logger count 22
2022-08-02 11:26:27,624 INFO [Thread-3] c.e.h.c.HelloWorldController [HelloWorldController.java:25] logger count 7
2022-08-02 11:26:30,179 INFO [Thread-2] c.e.h.c.HelloWorldController [HelloWorldController.java:25] logger count 23
2022-08-02 11:26:32,639 INFO [Thread-3] c.e.h.c.HelloWorldController [HelloWorldController.java:25] logger count 8
2022-08-02 11:26:35,182 INFO [Thread-2] c.e.h.c.HelloWorldController [HelloWorldController.java:25] logger count 24
2022-08-02 11:26:37,641 INFO [Thread-3] c.e.h.c.HelloWorldController [HelloWorldController.java:25] logger count 9
2022-08-02 11:26:40,185 INFO [Thread-2] c.e.h.c.HelloWorldController [HelloWorldController.java:25] logger count 25
2022-08-02 11:26:42,654 INFO [Thread-3] c.e.h.c.HelloWorldController [HelloWorldController.java:25] logger count 10
2022-08-02 11:26:45,199 INFO [Thread-2] c.e.h.c.HelloWorldController [HelloWorldController.java:25] logger count 26
2022-08-02 11:26:47,663 INFO [Thread-3] c.e.h.c.HelloWorldController [HelloWorldController.java:25] logger count 11
2022-08-02 11:26:50,200 INFO [Thread-2] c.e.h.c.HelloWorldController [HelloWorldController.java:25] logger count 27
2022-08-02 11:26:52,672 INFO [Thread-3] c.e.h.c.HelloWorldController [HelloWorldController.java:25] logger count 12
2022-08-02 11:26:55,217 INFO [Thread-2] c.e.h.c.HelloWorldController [HelloWorldController.java:25] logger count 28
2022-08-02 11:26:57,683 INFO [Thread-3] c.e.h.c.HelloWorldController [HelloWorldController.java:25] logger count 13
2022-08-02 11:27:00,222 INFO [Thread-2] c.e.h.c.HelloWorldController [HelloWorldController.java:25] logger count 29
2022-08-02 11:27:02,699 INFO [Thread-3] c.e.h.c.HelloWorldController [HelloWorldController.java:25] logger count 14
2022-08-02 11:27:05,224 INFO [Thread-2] c.e.h.c.HelloWorldController [HelloWorldController.java:25] logger count 30
2022-08-02 11:27:07,711 INFO [Thread-3] c.e.h.c.HelloWorldController [HelloWorldController.java:25] logger count 15
2022-08-02 11:27:10,240 INFO [Thread-2] c.e.h.c.HelloWorldController [HelloWorldController.java:25] logger count 31
2022-08-02 11:27:12,719 INFO [Thread-3] c.e.h.c.HelloWorldController [HelloWorldController.java:25] logger count 16
2022-08-02 11:27:15,247 INFO [Thread-2] c.e.h.c.HelloWorldController [HelloWorldController.java:25] logger count 32
2022-08-02 11:27:17,729 INFO [Thread-3] c.e.h.c.HelloWorldController [HelloWorldController.java:25] logger count 17
2022-08-02 11:27:20,257 INFO [Thread-2] c.e.h.c.HelloWorldController [HelloWorldController.java:25] logger count 33
2022-08-02 11:27:22,742 INFO [Thread-3] c.e.h.c.HelloWorldController [HelloWorldController.java:25] logger count 18
2022-08-02 11:27:25,267 INFO [Thread-2] c.e.h.c.HelloWorldController [HelloWorldController.java:25] logger count 34
2022-08-02 11:27:27,748 INFO [Thread-3] c.e.h.c.HelloWorldController [HelloWorldController.java:25] logger count 19
2022-08-02 11:27:30,276 INFO [Thread-2] c.e.h.c.HelloWorldController [HelloWorldController.java:25] logger count 35
2022-08-02 11:27:32,760 INFO [Thread-3] c.e.h.c.HelloWorldController [HelloWorldController.java:25] logger count 20
2022-08-02 11:27:35,288 INFO [Thread-2] c.e.h.c.HelloWorldController [HelloWorldController.java:25] logger count 36
2022-08-02 11:27:37,774 INFO [Thread-3] c.e.h.c.HelloWorldController [HelloWorldController.java:25] logger count 21
2022-08-02 11:27:40,299 INFO [Thread-2] c.e.h.c.HelloWorldController [HelloWorldController.java:25] logger count 37
2022-08-02 11:27:42,778 INFO [Thread-3] c.e.h.c.HelloWorldController [HelloWorldController.java:25] logger count 22
2022-08-02 11:27:45,301 INFO [Thread-2] c.e.h.c.HelloWorldController [HelloWorldController.java:25] logger count 38
2022-08-02 11:27:47,785 INFO [Thread-3] c.e.h.c.HelloWorldController [HelloWorldController.java:25] logger count 23
2022-08-02 11:27:48,963 INFO [http-nio-8080-exec-4] c.e.h.c.HelloWorldController [HelloWorldController.java:43] stopping task.....a
2022-08-02 11:27:50,306 INFO [Thread-2] c.e.h.c.HelloWorldController [HelloWorldController.java:25] logger count 39
2022-08-02 11:27:50,307 INFO [Thread-2] c.e.h.c.HelloWorldController [HelloWorldController.java:30] stopped task.....at 40
2022-08-02 11:27:52,797 INFO [Thread-3] c.e.h.c.HelloWorldController [HelloWorldController.java:25] logger count 24
2022-08-02 11:27:52,797 INFO [Thread-3] c.e.h.c.HelloWorldController [HelloWorldController.java:30] stopped task.....at 25
2022-08-02 11:31:23,627 INFO [RMI TCP Connection(3)-127.0.0.1] o.s.b.a.SpringApplicationAdminMXBeanRegistrar$SpringApplicationAdmin [SpringApplicationAdminMXBeanRegistrar.java:159] Application shutdown requested.
2022-08-02 11:31:23,657 INFO [RMI TCP Connection(3)-127.0.0.1] o.s.s.c.ThreadPoolTaskExecutor [ExecutorConfigurationSupport.java:218] Shutting down ExecutorService 'applicationTaskExecutor'
2022-08-02 11:31:28,993 INFO [main] c.e.h.HelloWorldApplication [StartupInfoLogger.java:55] Starting HelloWorldApplication using Java 17.0.3 on BLRKEC401299L with PID 11740 (D:\Springboot_Workspace\demo-app\target\classes started by pradeep.thakur in D:\Springboot_Workspace\demo-app)
2022-08-02 11:31:28,995 INFO [main] c.e.h.HelloWorldApplication [SpringApplication.java:675] No active profile set, falling back to default profiles: default
2022-08-02 11:31:29,659 INFO [main] o.s.b.w.e.t.TomcatWebServer [TomcatWebServer.java:108] Tomcat initialized with port(s): 8080 (http)
2022-08-02 11:31:29,665 INFO [main] o.a.c.h.Http11NioProtocol [DirectJDKLog.java:173] Initializing ProtocolHandler ["http-nio-8080"]
2022-08-02 11:31:29,665 INFO [main] o.a.c.c.StandardService [DirectJDKLog.java:173] Starting service [Tomcat]
2022-08-02 11:31:29,665 INFO [main] o.a.c.c.StandardEngine [DirectJDKLog.java:173] Starting Servlet engine: [Apache Tomcat/9.0.45]
2022-08-02 11:31:29,728 INFO [main] o.a.c.c.C.[.[.[/] [DirectJDKLog.java:173] Initializing Spring embedded WebApplicationContext
2022-08-02 11:31:29,729 INFO [main] o.s.b.w.s.c.ServletWebServerApplicationContext [ServletWebServerApplicationContext.java:289] Root WebApplicationContext: initialization completed in 705 ms
2022-08-02 11:31:29,902 INFO [main] o.s.s.c.ThreadPoolTaskExecutor [ExecutorConfigurationSupport.java:181] Initializing ExecutorService 'applicationTaskExecutor'
2022-08-02 11:31:30,104 INFO [main] o.s.b.a.e.w.EndpointLinksResolver [EndpointLinksResolver.java:58] Exposing 2 endpoint(s) beneath base path '/actuator'
2022-08-02 11:31:30,121 INFO [main] o.a.c.h.Http11NioProtocol [DirectJDKLog.java:173] Starting ProtocolHandler ["http-nio-8080"]
2022-08-02 11:31:30,159 INFO [main] o.s.b.w.e.t.TomcatWebServer [TomcatWebServer.java:220] Tomcat started on port(s): 8080 (http) with context path ''
2022-08-02 11:31:30,170 INFO [main] c.e.h.HelloWorldApplication [StartupInfoLogger.java:61] Started HelloWorldApplication in 1.389 seconds (JVM running for 1.932)
2022-08-02 11:31:31,671 INFO [RMI TCP Connection(1)-127.0.0.1] o.a.c.c.C.[.[.[/] [DirectJDKLog.java:173] Initializing Spring DispatcherServlet 'dispatcherServlet'
2022-08-02 11:31:31,672 INFO [RMI TCP Connection(1)-127.0.0.1] o.s.w.s.DispatcherServlet [FrameworkServlet.java:525] Initializing Servlet 'dispatcherServlet'
2022-08-02 11:31:31,672 INFO [RMI TCP Connection(1)-127.0.0.1] o.s.w.s.DispatcherServlet [FrameworkServlet.java:547] Completed initialization in 0 ms
2022-08-02 11:31:44,548 INFO [Thread-2] c.e.h.c.HelloWorldController [HelloWorldController.java:27] logger count 0
2022-08-02 11:31:49,561 INFO [Thread-2] c.e.h.c.HelloWorldController [HelloWorldController.java:27] logger count 1
2022-08-02 11:31:54,566 INFO [Thread-2] c.e.h.c.HelloWorldController [HelloWorldController.java:27] logger count 2
2022-08-02 11:31:59,569 INFO [Thread-2] c.e.h.c.HelloWorldController [HelloWorldController.java:27] logger count 3
2022-08-02 11:32:04,583 INFO [Thread-2] c.e.h.c.HelloWorldController [HelloWorldController.java:27] logger count 4
2022-08-02 11:32:06,415 INFO [http-nio-8080-exec-2] c.e.h.c.HelloWorldController [HelloWorldController.java:45] stopping task.....a
2022-08-02 11:32:09,598 INFO [Thread-2] c.e.h.c.HelloWorldController [HelloWorldController.java:27] logger count 5
2022-08-02 11:32:09,598 INFO [Thread-2] c.e.h.c.HelloWorldController [HelloWorldController.java:32] stopped task.....at 6
2022-08-02 11:32:46,249 INFO [Thread-3] c.e.h.c.HelloWorldController [HelloWorldController.java:32] stopped task.....at 0
2022-08-02 11:33:01,905 INFO [Thread-4] c.e.h.c.HelloWorldController [HelloWorldController.java:32] stopped task.....at 0
2022-08-02 11:33:38,474 INFO [RMI TCP Connection(3)-127.0.0.1] o.s.b.a.SpringApplicationAdminMXBeanRegistrar$SpringApplicationAdmin [SpringApplicationAdminMXBeanRegistrar.java:159] Application shutdown requested.
2022-08-02 11:33:38,509 INFO [RMI TCP Connection(3)-127.0.0.1] o.s.s.c.ThreadPoolTaskExecutor [ExecutorConfigurationSupport.java:218] Shutting down ExecutorService 'applicationTaskExecutor'
2022-08-02 11:33:41,020 INFO [main] c.e.h.HelloWorldApplication [StartupInfoLogger.java:55] Starting HelloWorldApplication using Java 17.0.3 on BLRKEC401299L with PID 2056 (D:\Springboot_Workspace\demo-app\target\classes started by pradeep.thakur in D:\Springboot_Workspace\demo-app)
2022-08-02 11:33:41,021 INFO [main] c.e.h.HelloWorldApplication [SpringApplication.java:675] No active profile set, falling back to default profiles: default
2022-08-02 11:33:41,697 INFO [main] o.s.b.w.e.t.TomcatWebServer [TomcatWebServer.java:108] Tomcat initialized with port(s): 8080 (http)
2022-08-02 11:33:41,703 INFO [main] o.a.c.h.Http11NioProtocol [DirectJDKLog.java:173] Initializing ProtocolHandler ["http-nio-8080"]
2022-08-02 11:33:41,705 INFO [main] o.a.c.c.StandardService [DirectJDKLog.java:173] Starting service [Tomcat]
2022-08-02 11:33:41,705 INFO [main] o.a.c.c.StandardEngine [DirectJDKLog.java:173] Starting Servlet engine: [Apache Tomcat/9.0.45]
2022-08-02 11:33:41,765 INFO [main] o.a.c.c.C.[.[.[/] [DirectJDKLog.java:173] Initializing Spring embedded WebApplicationContext
2022-08-02 11:33:41,765 INFO [main] o.s.b.w.s.c.ServletWebServerApplicationContext [ServletWebServerApplicationContext.java:289] Root WebApplicationContext: initialization completed in 709 ms
2022-08-02 11:33:41,938 INFO [main] o.s.s.c.ThreadPoolTaskExecutor [ExecutorConfigurationSupport.java:181] Initializing ExecutorService 'applicationTaskExecutor'
2022-08-02 11:33:42,151 INFO [main] o.s.b.a.e.w.EndpointLinksResolver [EndpointLinksResolver.java:58] Exposing 2 endpoint(s) beneath base path '/actuator'
2022-08-02 11:33:42,177 INFO [main] o.a.c.h.Http11NioProtocol [DirectJDKLog.java:173] Starting ProtocolHandler ["http-nio-8080"]
2022-08-02 11:33:42,220 INFO [main] o.s.b.w.e.t.TomcatWebServer [TomcatWebServer.java:220] Tomcat started on port(s): 8080 (http) with context path ''
2022-08-02 11:33:42,232 INFO [main] c.e.h.HelloWorldApplication [StartupInfoLogger.java:61] Started HelloWorldApplication in 1.428 seconds (JVM running for 1.944)
2022-08-02 11:33:42,255 INFO [RMI TCP Connection(1)-127.0.0.1] o.a.c.c.C.[.[.[/] [DirectJDKLog.java:173] Initializing Spring DispatcherServlet 'dispatcherServlet'
2022-08-02 11:33:42,256 INFO [RMI TCP Connection(1)-127.0.0.1] o.s.w.s.DispatcherServlet [FrameworkServlet.java:525] Initializing Servlet 'dispatcherServlet'
2022-08-02 11:33:42,257 INFO [RMI TCP Connection(1)-127.0.0.1] o.s.w.s.DispatcherServlet [FrameworkServlet.java:547] Completed initialization in 1 ms
2022-08-02 11:53:07,289 INFO [Thread-2] c.e.h.c.HelloWorldController [HelloWorldController.java:28] logger count 0
2022-08-02 11:53:12,296 INFO [Thread-2] c.e.h.c.HelloWorldController [HelloWorldController.java:28] logger count 1
2022-08-02 11:53:17,307 INFO [Thread-2] c.e.h.c.HelloWorldController [HelloWorldController.java:28] logger count 2
2022-08-02 11:53:22,317 INFO [Thread-2] c.e.h.c.HelloWorldController [HelloWorldController.java:28] logger count 3
2022-08-02 11:53:24,601 INFO [http-nio-8080-exec-2] c.e.h.c.HelloWorldController [HelloWorldController.java:53] setting interval...100
2022-08-02 11:53:27,321 INFO [Thread-2] c.e.h.c.HelloWorldController [HelloWorldController.java:28] logger count 4
2022-08-02 11:53:27,434 INFO [Thread-2] c.e.h.c.HelloWorldController [HelloWorldController.java:28] logger count 5
2022-08-02 11:53:27,541 INFO [Thread-2] c.e.h.c.HelloWorldController [HelloWorldController.java:28] logger count 6
2022-08-02 11:53:27,649 INFO [Thread-2] c.e.h.c.HelloWorldController [HelloWorldController.java:28] logger count 7
2022-08-02 11:53:27,758 INFO [Thread-2] c.e.h.c.HelloWorldController [HelloWorldController.java:28] logger count 8
2022-08-02 11:53:27,866 INFO [Thread-2] c.e.h.c.HelloWorldController [HelloWorldController.java:28] logger count 9
2022-08-02 11:53:27,974 INFO [Thread-2] c.e.h.c.HelloWorldController [HelloWorldController.java:28] logger count 10
2022-08-02 11:53:28,084 INFO [Thread-2] c.e.h.c.HelloWorldController [HelloWorldController.java:28] logger count 11
2022-08-02 11:53:28,193 INFO [Thread-2] c.e.h.c.HelloWorldController [HelloWorldController.java:28] logger count 12
2022-08-02 11:53:28,301 INFO [Thread-2] c.e.h.c.HelloWorldController [HelloWorldController.java:28] logger count 13
2022-08-02 11:53:28,411 INFO [Thread-2] c.e.h.c.HelloWorldController [HelloWorldController.java:28] logger count 14
2022-08-02 11:53:28,519 INFO [Thread-2] c.e.h.c.HelloWorldController [HelloWorldController.java:28] logger count 15
2022-08-02 11:53:28,629 INFO [Thread-2] c.e.h.c.HelloWorldController [HelloWorldController.java:28] logger count 16
2022-08-02 11:53:28,740 INFO [Thread-2] c.e.h.c.HelloWorldController [HelloWorldController.java:28] logger count 17
2022-08-02 11:53:28,851 INFO [Thread-2] c.e.h.c.HelloWorldController [HelloWorldController.java:28] logger count 18
2022-08-02 11:53:28,960 INFO [Thread-2] c.e.h.c.HelloWorldController [HelloWorldController.java:28] logger count 19
2022-08-02 11:53:29,070 INFO [Thread-2] c.e.h.c.HelloWorldController [HelloWorldController.java:28] logger count 20
2022-08-02 11:53:29,179 INFO [Thread-2] c.e.h.c.HelloWorldController [HelloWorldController.java:28] logger count 21
2022-08-02 11:53:29,287 INFO [Thread-2] c.e.h.c.HelloWorldController [HelloWorldController.java:28] logger count 22
2022-08-02 11:53:29,394 INFO [Thread-2] c.e.h.c.HelloWorldController [HelloWorldController.java:28] logger count 23
2022-08-02 11:53:29,504 INFO [Thread-2] c.e.h.c.HelloWorldController [HelloWorldController.java:28] logger count 24
2022-08-02 11:53:29,611 INFO [Thread-2] c.e.h.c.HelloWorldController [HelloWorldController.java:28] logger count 25
2022-08-02 11:53:29,720 INFO [Thread-2] c.e.h.c.HelloWorldController [HelloWorldController.java:28] logger count 26
2022-08-02 11:53:29,828 INFO [Thread-2] c.e.h.c.HelloWorldController [HelloWorldController.java:28] logger count 27
2022-08-02 11:53:29,939 INFO [Thread-2] c.e.h.c.HelloWorldController [HelloWorldController.java:28] logger count 28
2022-08-02 11:53:30,049 INFO [Thread-2] c.e.h.c.HelloWorldController [HelloWorldController.java:28] logger count 29
2022-08-02 11:53:30,157 INFO [Thread-2] c.e.h.c.HelloWorldController [HelloWorldController.java:28] logger count 30
2022-08-02 11:53:30,266 INFO [Thread-2] c.e.h.c.HelloWorldController [HelloWorldController.java:28] logger count 31
2022-08-02 11:53:30,375 INFO [Thread-2] c.e.h.c.HelloWorldController [HelloWorldController.java:28] logger count 32
2022-08-02 11:53:30,483 INFO [Thread-2] c.e.h.c.HelloWorldController [HelloWorldController.java:28] logger count 33
2022-08-02 11:53:30,589 INFO [Thread-2] c.e.h.c.HelloWorldController [HelloWorldController.java:28] logger count 34
2022-08-02 11:53:30,699 INFO [Thread-2] c.e.h.c.HelloWorldController [HelloWorldController.java:28] logger count 35
2022-08-02 11:53:30,809 INFO [Thread-2] c.e.h.c.HelloWorldController [HelloWorldController.java:28] logger count 36
2022-08-02 11:53:30,920 INFO [Thread-2] c.e.h.c.HelloWorldController [HelloWorldController.java:28] logger count 37
2022-08-02 11:53:31,028 INFO [Thread-2] c.e.h.c.HelloWorldController [HelloWorldController.java:28] logger count 38
2022-08-02 11:53:31,137 INFO [Thread-2] c.e.h.c.HelloWorldController [HelloWorldController.java:28] logger count 39
2022-08-02 11:53:31,249 INFO [Thread-2] c.e.h.c.HelloWorldController [HelloWorldController.java:28] logger count 40
2022-08-02 11:53:31,359 INFO [Thread-2] c.e.h.c.HelloWorldController [HelloWorldController.java:28] logger count 41
2022-08-02 11:53:31,468 INFO [Thread-2] c.e.h.c.HelloWorldController [HelloWorldController.java:28] logger count 42
2022-08-02 11:53:31,577 INFO [Thread-2] c.e.h.c.HelloWorldController [HelloWorldController.java:28] logger count 43
2022-08-02 11:53:31,689 INFO [Thread-2] c.e.h.c.HelloWorldController [HelloWorldController.java:28] logger count 44
2022-08-02 11:53:31,797 INFO [Thread-2] c.e.h.c.HelloWorldController [HelloWorldController.java:28] logger count 45
2022-08-02 11:53:31,907 INFO [Thread-2] c.e.h.c.HelloWorldController [HelloWorldController.java:28] logger count 46
2022-08-02 11:53:32,015 INFO [Thread-2] c.e.h.c.HelloWorldController [HelloWorldController.java:28] logger count 47
2022-08-02 11:53:32,122 INFO [Thread-2] c.e.h.c.HelloWorldController [HelloWorldController.java:28] logger count 48
2022-08-02 11:53:32,229 INFO [Thread-2] c.e.h.c.HelloWorldController [HelloWorldController.java:28] logger count 49
2022-08-02 11:53:32,340 INFO [Thread-2] c.e.h.c.HelloWorldController [HelloWorldController.java:28] logger count 50
2022-08-02 11:53:32,448 INFO [Thread-2] c.e.h.c.HelloWorldController [HelloWorldController.java:28] logger count 51
2022-08-02 11:53:32,558 INFO [Thread-2] c.e.h.c.HelloWorldController [HelloWorldController.java:28] logger count 52
2022-08-02 11:53:32,669 INFO [Thread-2] c.e.h.c.HelloWorldController [HelloWorldController.java:28] logger count 53
2022-08-02 11:53:32,777 INFO [Thread-2] c.e.h.c.HelloWorldController [HelloWorldController.java:28] logger count 54
2022-08-02 11:53:32,886 INFO [Thread-2] c.e.h.c.HelloWorldController [HelloWorldController.java:28] logger count 55
2022-08-02 11:53:32,995 INFO [Thread-2] c.e.h.c.HelloWorldController [HelloWorldController.java:28] logger count 56
2022-08-02 11:53:33,105 INFO [Thread-2] c.e.h.c.HelloWorldController [HelloWorldController.java:28] logger count 57
2022-08-02 11:53:33,215 INFO [Thread-2] c.e.h.c.HelloWorldController [HelloWorldController.java:28] logger count 58
2022-08-02 11:53:33,326 INFO [Thread-2] c.e.h.c.HelloWorldController [HelloWorldController.java:28] logger count 59
2022-08-02 11:53:33,435 INFO [Thread-2] c.e.h.c.HelloWorldController [HelloWorldController.java:28] logger count 60
2022-08-02 11:53:33,544 INFO [Thread-2] c.e.h.c.HelloWorldController [HelloWorldController.java:28] logger count 61
2022-08-02 11:53:33,653 INFO [Thread-2] c.e.h.c.HelloWorldController [HelloWorldController.java:28] logger count 62
2022-08-02 11:53:33,765 INFO [Thread-2] c.e.h.c.HelloWorldController [HelloWorldController.java:28] logger count 63
2022-08-02 11:53:33,874 INFO [Thread-2] c.e.h.c.HelloWorldController [HelloWorldController.java:28] logger count 64
2022-08-02 11:53:33,981 INFO [Thread-2] c.e.h.c.HelloWorldController [HelloWorldController.java:28] logger count 65
2022-08-02 11:53:34,090 INFO [Thread-2] c.e.h.c.HelloWorldController [HelloWorldController.java:28] logger count 66
2022-08-02 11:53:34,198 INFO [Thread-2] c.e.h.c.HelloWorldController [HelloWorldController.java:28] logger count 67
2022-08-02 11:53:34,308 INFO [Thread-2] c.e.h.c.HelloWorldController [HelloWorldController.java:28] logger count 68
2022-08-02 11:53:34,418 INFO [Thread-2] c.e.h.c.HelloWorldController [HelloWorldController.java:28] logger count 69
2022-08-02 11:53:34,529 INFO [Thread-2] c.e.h.c.HelloWorldController [HelloWorldController.java:28] logger count 70
2022-08-02 11:53:34,638 INFO [Thread-2] c.e.h.c.HelloWorldController [HelloWorldController.java:28] logger count 71
2022-08-02 11:53:34,747 INFO [Thread-2] c.e.h.c.HelloWorldController [HelloWorldController.java:28] logger count 72
2022-08-02 11:53:34,854 INFO [Thread-2] c.e.h.c.HelloWorldController [HelloWorldController.java:28] logger count 73
2022-08-02 11:53:34,964 INFO [Thread-2] c.e.h.c.HelloWorldController [HelloWorldController.java:28] logger count 74
2022-08-02 11:53:35,073 INFO [Thread-2] c.e.h.c.HelloWorldController [HelloWorldController.java:28] logger count 75
2022-08-02 11:53:35,183 INFO [Thread-2] c.e.h.c.HelloWorldController [HelloWorldController.java:28] logger count 76
2022-08-02 11:53:35,291 INFO [Thread-2] c.e.h.c.HelloWorldController [HelloWorldController.java:28] logger count 77
2022-08-02 11:53:35,399 INFO [Thread-2] c.e.h.c.HelloWorldController [HelloWorldController.java:28] logger count 78
2022-08-02 11:53:35,508 INFO [Thread-2] c.e.h.c.HelloWorldController [HelloWorldController.java:28] logger count 79
2022-08-02 11:53:35,617 INFO [Thread-2] c.e.h.c.HelloWorldController [HelloWorldController.java:28] logger count 80
2022-08-02 11:53:35,727 INFO [Thread-2] c.e.h.c.HelloWorldController [HelloWorldController.java:28] logger count 81
2022-08-02 11:53:35,836 INFO [Thread-2] c.e.h.c.HelloWorldController [HelloWorldController.java:28] logger count 82
2022-08-02 11:53:35,946 INFO [Thread-2] c.e.h.c.HelloWorldController [HelloWorldController.java:28] logger count 83
2022-08-02 11:53:36,058 INFO [Thread-2] c.e.h.c.HelloWorldController [HelloWorldController.java:28] logger count 84
2022-08-02 11:53:36,168 INFO [Thread-2] c.e.h.c.HelloWorldController [HelloWorldController.java:28] logger count 85
2022-08-02 11:53:36,278 INFO [Thread-2] c.e.h.c.HelloWorldController [HelloWorldController.java:28] logger count 86
2022-08-02 11:53:36,387 INFO [Thread-2] c.e.h.c.HelloWorldController [HelloWorldController.java:28] logger count 87
2022-08-02 11:53:36,496 INFO [Thread-2] c.e.h.c.HelloWorldController [HelloWorldController.java:28] logger count 88
2022-08-02 11:53:36,607 INFO [Thread-2] c.e.h.c.HelloWorldController [HelloWorldController.java:28] logger count 89
2022-08-02 11:53:36,717 INFO [Thread-2] c.e.h.c.HelloWorldController [HelloWorldController.java:28] logger count 90
2022-08-02 11:53:36,826 INFO [Thread-2] c.e.h.c.HelloWorldController [HelloWorldController.java:28] logger count 91
2022-08-02 11:53:36,935 INFO [Thread-2] c.e.h.c.HelloWorldController [HelloWorldController.java:28] logger count 92
2022-08-02 11:53:37,043 INFO [Thread-2] c.e.h.c.HelloWorldController [HelloWorldController.java:28] logger count 93
2022-08-02 11:53:37,151 INFO [Thread-2] c.e.h.c.HelloWorldController [HelloWorldController.java:28] logger count 94
2022-08-02 11:53:37,260 INFO [Thread-2] c.e.h.c.HelloWorldController [HelloWorldController.java:28] logger count 95
2022-08-02 11:53:37,369 INFO [Thread-2] c.e.h.c.HelloWorldController [HelloWorldController.java:28] logger count 96
2022-08-02 11:53:37,480 INFO [Thread-2] c.e.h.c.HelloWorldController [HelloWorldController.java:28] logger count 97
2022-08-02 11:53:37,587 INFO [Thread-2] c.e.h.c.HelloWorldController [HelloWorldController.java:28] logger count 98
2022-08-02 11:53:37,696 INFO [Thread-2] c.e.h.c.HelloWorldController [HelloWorldController.java:28] logger count 99
2022-08-02 11:53:37,804 INFO [Thread-2] c.e.h.c.HelloWorldController [HelloWorldController.java:28] logger count 100
2022-08-02 11:53:37,912 INFO [Thread-2] c.e.h.c.HelloWorldController [HelloWorldController.java:28] logger count 101
2022-08-02 11:53:38,023 INFO [Thread-2] c.e.h.c.HelloWorldController [HelloWorldController.java:28] logger count 102
2022-08-02 11:53:38,133 INFO [Thread-2] c.e.h.c.HelloWorldController [HelloWorldController.java:28] logger count 103
2022-08-02 11:53:38,243 INFO [Thread-2] c.e.h.c.HelloWorldController [HelloWorldController.java:28] logger count 104
2022-08-02 11:53:38,352 INFO [Thread-2] c.e.h.c.HelloWorldController [HelloWorldController.java:28] logger count 105
2022-08-02 11:53:38,461 INFO [Thread-2] c.e.h.c.HelloWorldController [HelloWorldController.java:28] logger count 106
2022-08-02 11:53:38,569 INFO [Thread-2] c.e.h.c.HelloWorldController [HelloWorldController.java:28] logger count 107
2022-08-02 11:53:38,677 INFO [Thread-2] c.e.h.c.HelloWorldController [HelloWorldController.java:28] logger count 108
2022-08-02 11:53:38,787 INFO [Thread-2] c.e.h.c.HelloWorldController [HelloWorldController.java:28] logger count 109
2022-08-02 11:53:38,842 INFO [http-nio-8080-exec-3] c.e.h.c.HelloWorldController [HelloWorldController.java:53] setting interval...5000
2022-08-02 11:53:38,896 INFO [Thread-2] c.e.h.c.HelloWorldController [HelloWorldController.java:28] logger count 110
2022-08-02 11:53:43,897 INFO [Thread-2] c.e.h.c.HelloWorldController [HelloWorldController.java:28] logger count 111
2022-08-02 11:53:48,899 INFO [Thread-2] c.e.h.c.HelloWorldController [HelloWorldController.java:28] logger count 112
2022-08-02 11:53:53,900 INFO [Thread-2] c.e.h.c.HelloWorldController [HelloWorldController.java:28] logger count 113
2022-08-02 11:53:58,912 INFO [Thread-2] c.e.h.c.HelloWorldController [HelloWorldController.java:28] logger count 114
2022-08-02 11:53:59,990 INFO [http-nio-8080-exec-4] c.e.h.c.HelloWorldController [HelloWorldController.java:53] setting interval...100
2022-08-02 11:54:03,928 INFO [Thread-2] c.e.h.c.HelloWorldController [HelloWorldController.java:28] logger count 115
2022-08-02 11:54:04,039 INFO [Thread-2] c.e.h.c.HelloWorldController [HelloWorldController.java:28] logger count 116
2022-08-02 11:54:04,148 INFO [Thread-2] c.e.h.c.HelloWorldController [HelloWorldController.java:28] logger count 117
2022-08-02 11:54:04,255 INFO [Thread-2] c.e.h.c.HelloWorldController [HelloWorldController.java:28] logger count 118
2022-08-02 11:54:04,363 INFO [Thread-2] c.e.h.c.HelloWorldController [HelloWorldController.java:28] logger count 119
2022-08-02 11:54:04,472 INFO [Thread-2] c.e.h.c.HelloWorldController [HelloWorldController.java:28] logger count 120
2022-08-02 11:54:04,582 INFO [Thread-2] c.e.h.c.HelloWorldController [HelloWorldController.java:28] logger count 121
2022-08-02 11:54:04,690 INFO [Thread-2] c.e.h.c.HelloWorldController [HelloWorldController.java:28] logger count 122
2022-08-02 11:54:04,801 INFO [Thread-2] c.e.h.c.HelloWorldController [HelloWorldController.java:28] logger count 123
2022-08-02 11:54:04,913 INFO [Thread-2] c.e.h.c.HelloWorldController [HelloWorldController.java:28] logger count 124
2022-08-02 11:54:05,022 INFO [Thread-2] c.e.h.c.HelloWorldController [HelloWorldController.java:28] logger count 125
2022-08-02 11:54:05,129 INFO [Thread-2] c.e.h.c.HelloWorldController [HelloWorldController.java:28] logger count 126
2022-08-02 11:54:05,238 INFO [Thread-2] c.e.h.c.HelloWorldController [HelloWorldController.java:28] logger count 127
2022-08-02 11:54:05,347 INFO [Thread-2] c.e.h.c.HelloWorldController [HelloWorldController.java:28] logger count 128
2022-08-02 11:54:05,455 INFO [Thread-2] c.e.h.c.HelloWorldController [HelloWorldController.java:28] logger count 129
2022-08-02 11:54:05,565 INFO [Thread-2] c.e.h.c.HelloWorldController [HelloWorldController.java:28] logger count 130
2022-08-02 11:54:05,674 INFO [Thread-2] c.e.h.c.HelloWorldController [HelloWorldController.java:28] logger count 131
2022-08-02 11:54:05,782 INFO [Thread-2] c.e.h.c.HelloWorldController [HelloWorldController.java:28] logger count 132
2022-08-02 11:54:05,890 INFO [Thread-2] c.e.h.c.HelloWorldController [HelloWorldController.java:28] logger count 133
2022-08-02 11:54:05,998 INFO [Thread-2] c.e.h.c.HelloWorldController [HelloWorldController.java:28] logger count 134
2022-08-02 11:54:06,108 INFO [Thread-2] c.e.h.c.HelloWorldController [HelloWorldController.java:28] logger count 135
2022-08-02 11:54:06,219 INFO [Thread-2] c.e.h.c.HelloWorldController [HelloWorldController.java:28] logger count 136
2022-08-02 11:54:06,328 INFO [Thread-2] c.e.h.c.HelloWorldController [HelloWorldController.java:28] logger count 137
2022-08-02 11:54:06,438 INFO [Thread-2] c.e.h.c.HelloWorldController [HelloWorldController.java:28] logger count 138
2022-08-02 11:54:06,548 INFO [Thread-2] c.e.h.c.HelloWorldController [HelloWorldController.java:28] logger count 139
2022-08-02 11:54:06,655 INFO [Thread-2] c.e.h.c.HelloWorldController [HelloWorldController.java:28] logger count 140
2022-08-02 11:54:06,765 INFO [Thread-2] c.e.h.c.HelloWorldController [HelloWorldController.java:28] logger count 141
2022-08-02 11:54:06,874 INFO [Thread-2] c.e.h.c.HelloWorldController [HelloWorldController.java:28] logger count 142
2022-08-02 11:54:06,982 INFO [Thread-2] c.e.h.c.HelloWorldController [HelloWorldController.java:28] logger count 143
2022-08-02 11:54:07,090 INFO [Thread-2] c.e.h.c.HelloWorldController [HelloWorldController.java:28] logger count 144
2022-08-02 11:54:07,198 INFO [Thread-2] c.e.h.c.HelloWorldController [HelloWorldController.java:28] logger count 145
2022-08-02 11:54:07,307 INFO [Thread-2] c.e.h.c.HelloWorldController [HelloWorldController.java:28] logger count 146
2022-08-02 11:54:07,417 INFO [Thread-2] c.e.h.c.HelloWorldController [HelloWorldController.java:28] logger count 147
2022-08-02 11:54:07,526 INFO [Thread-2] c.e.h.c.HelloWorldController [HelloWorldController.java:28] logger count 148
2022-08-02 11:54:07,636 INFO [Thread-2] c.e.h.c.HelloWorldController [HelloWorldController.java:28] logger count 149
2022-08-02 11:54:07,748 INFO [Thread-2] c.e.h.c.HelloWorldController [HelloWorldController.java:28] logger count 150
2022-08-02 11:54:07,856 INFO [Thread-2] c.e.h.c.HelloWorldController [HelloWorldController.java:28] logger count 151
2022-08-02 11:54:07,966 INFO [Thread-2] c.e.h.c.HelloWorldController [HelloWorldController.java:28] logger count 152
2022-08-02 11:54:08,076 INFO [Thread-2] c.e.h.c.HelloWorldController [HelloWorldController.java:28] logger count 153
2022-08-02 11:54:08,182 INFO [Thread-2] c.e.h.c.HelloWorldController [HelloWorldController.java:28] logger count 154
2022-08-02 11:54:08,291 INFO [Thread-2] c.e.h.c.HelloWorldController [HelloWorldController.java:28] logger count 155
2022-08-02 11:54:08,399 INFO [Thread-2] c.e.h.c.HelloWorldController [HelloWorldController.java:28] logger count 156
2022-08-02 11:54:08,507 INFO [Thread-2] c.e.h.c.HelloWorldController [HelloWorldController.java:28] logger count 157
2022-08-02 11:54:08,615 INFO [Thread-2] c.e.h.c.HelloWorldController [HelloWorldController.java:28] logger count 158
2022-08-02 11:54:08,725 INFO [Thread-2] c.e.h.c.HelloWorldController [HelloWorldController.java:28] logger count 159
2022-08-02 11:54:08,834 INFO [Thread-2] c.e.h.c.HelloWorldController [HelloWorldController.java:28] logger count 160
2022-08-02 11:54:08,943 INFO [Thread-2] c.e.h.c.HelloWorldController [HelloWorldController.java:28] logger count 161
2022-08-02 11:54:09,050 INFO [Thread-2] c.e.h.c.HelloWorldController [HelloWorldController.java:28] logger count 162
2022-08-02 11:54:09,159 INFO [Thread-2] c.e.h.c.HelloWorldController [HelloWorldController.java:28] logger count 163
2022-08-02 11:54:09,260 INFO [Thread-2] c.e.h.c.HelloWorldController [HelloWorldController.java:28] logger count 164
2022-08-02 11:54:09,362 INFO [Thread-2] c.e.h.c.HelloWorldController [HelloWorldController.java:28] logger count 165
2022-08-02 11:54:09,462 INFO [Thread-2] c.e.h.c.HelloWorldController [HelloWorldController.java:28] logger count 166
2022-08-02 11:54:09,565 INFO [Thread-2] c.e.h.c.HelloWorldController [HelloWorldController.java:28] logger count 167
2022-08-02 11:54:09,666 INFO [Thread-2] c.e.h.c.HelloWorldController [HelloWorldController.java:28] logger count 168
2022-08-02 11:54:09,766 INFO [Thread-2] c.e.h.c.HelloWorldController [HelloWorldController.java:28] logger count 169
2022-08-02 11:54:09,867 INFO [Thread-2] c.e.h.c.HelloWorldController [HelloWorldController.java:28] logger count 170
2022-08-02 11:54:09,968 INFO [Thread-2] c.e.h.c.HelloWorldController [HelloWorldController.java:28] logger count 171
2022-08-02 11:54:10,069 INFO [Thread-2] c.e.h.c.HelloWorldController [HelloWorldController.java:28] logger count 172
2022-08-02 11:54:10,170 INFO [Thread-2] c.e.h.c.HelloWorldController [HelloWorldController.java:28] logger count 173
2022-08-02 11:54:10,273 INFO [Thread-2] c.e.h.c.HelloWorldController [HelloWorldController.java:28] logger count 174
2022-08-02 11:54:10,375 INFO [Thread-2] c.e.h.c.HelloWorldController [HelloWorldController.java:28] logger count 175
2022-08-02 11:54:10,476 INFO [Thread-2] c.e.h.c.HelloWorldController [HelloWorldController.java:28] logger count 176
2022-08-02 11:54:10,577 INFO [Thread-2] c.e.h.c.HelloWorldController [HelloWorldController.java:28] logger count 177
2022-08-02 11:54:10,678 INFO [Thread-2] c.e.h.c.HelloWorldController [HelloWorldController.java:28] logger count 178
2022-08-02 11:54:10,779 INFO [Thread-2] c.e.h.c.HelloWorldController [HelloWorldController.java:28] logger count 179
2022-08-02 11:54:10,879 INFO [Thread-2] c.e.h.c.HelloWorldController [HelloWorldController.java:28] logger count 180
2022-08-02 11:54:10,980 INFO [Thread-2] c.e.h.c.HelloWorldController [HelloWorldController.java:28] logger count 181
2022-08-02 11:54:11,083 INFO [Thread-2] c.e.h.c.HelloWorldController [HelloWorldController.java:28] logger count 182
2022-08-02 11:54:11,184 INFO [Thread-2] c.e.h.c.HelloWorldController [HelloWorldController.java:28] logger count 183
2022-08-02 11:54:11,290 INFO [Thread-2] c.e.h.c.HelloWorldController [HelloWorldController.java:28] logger count 184
2022-08-02 11:54:11,343 INFO [http-nio-8080-exec-5] c.e.h.c.HelloWorldController [HelloWorldController.java:46] stopping task.....a
2022-08-02 11:54:11,398 INFO [Thread-2] c.e.h.c.HelloWorldController [HelloWorldController.java:28] logger count 185
2022-08-02 11:54:11,398 INFO [Thread-2] c.e.h.c.HelloWorldController [HelloWorldController.java:33] stopped task.....at 186
2022-08-02 11:54:19,701 INFO [RMI TCP Connection(3)-127.0.0.1] o.s.b.a.SpringApplicationAdminMXBeanRegistrar$SpringApplicationAdmin [SpringApplicationAdminMXBeanRegistrar.java:159] Application shutdown requested.
2022-08-02 11:54:19,740 INFO [RMI TCP Connection(3)-127.0.0.1] o.s.s.c.ThreadPoolTaskExecutor [ExecutorConfigurationSupport.java:218] Shutting down ExecutorService 'applicationTaskExecutor'
2022-08-02 12:02:44,108 INFO [main] o.s.b.t.c.SpringBootTestContextBootstrapper [AbstractTestContextBootstrapper.java:305] Neither @ContextConfiguration nor @ContextHierarchy found for test class [counter.app.controller.CounterAppControllerTest], using SpringBootContextLoader
2022-08-02 12:02:44,113 INFO [main] o.s.t.c.s.AbstractContextLoader [AbstractContextLoader.java:264] Could not detect default resource locations for test class [counter.app.controller.CounterAppControllerTest]: no resource found for suffixes {-context.xml, Context.groovy}.
2022-08-02 12:02:44,114 INFO [main] o.s.t.c.s.AnnotationConfigContextLoaderUtils [AnnotationConfigContextLoaderUtils.java:83] Could not detect default configuration classes for test class [counter.app.controller.CounterAppControllerTest]: CounterAppControllerTest does not declare any static, non-private, non-final, nested classes annotated with @Configuration.
2022-08-02 12:02:44,232 INFO [main] o.s.b.t.c.SpringBootTestContextBootstrapper [SpringBootTestContextBootstrapper.java:238] Found @SpringBootConfiguration counter.app.CounterApplication for test class counter.app.controller.CounterAppControllerTest
2022-08-02 12:02:44,334 INFO [main] o.s.b.t.c.SpringBootTestContextBootstrapper [AbstractTestContextBootstrapper.java:245] Loaded default TestExecutionListener class names from location [META-INF/spring.factories]: [org.springframework.boot.test.mock.mockito.MockitoTestExecutionListener, org.springframework.boot.test.mock.mockito.ResetMocksTestExecutionListener, org.springframework.boot.test.autoconfigure.restdocs.RestDocsTestExecutionListener, org.springframework.boot.test.autoconfigure.web.client.MockRestServiceServerResetTestExecutionListener, org.springframework.boot.test.autoconfigure.web.servlet.MockMvcPrintOnlyOnFailureTestExecutionListener, org.springframework.boot.test.autoconfigure.web.servlet.WebDriverTestExecutionListener, org.springframework.boot.test.autoconfigure.webservices.client.MockWebServiceServerTestExecutionListener, org.springframework.test.context.web.ServletTestExecutionListener, org.springframework.test.context.support.DirtiesContextBeforeModesTestExecutionListener, org.springframework.test.context.event.ApplicationEventsTestExecutionListener, org.springframework.test.context.support.DependencyInjectionTestExecutionListener, org.springframework.test.context.support.DirtiesContextTestExecutionListener, org.springframework.test.context.transaction.TransactionalTestExecutionListener, org.springframework.test.context.jdbc.SqlScriptsTestExecutionListener, org.springframework.test.context.event.EventPublishingTestExecutionListener]
2022-08-02 12:02:44,347 INFO [main] o.s.b.t.c.SpringBootTestContextBootstrapper [AbstractTestContextBootstrapper.java:174] Using TestExecutionListeners: [org.springframework.test.context.web.ServletTestExecutionListener@1d470d0, org.springframework.test.context.support.DirtiesContextBeforeModesTestExecutionListener@24d09c1, org.springframework.test.context.event.ApplicationEventsTestExecutionListener@54c62d71, org.springframework.boot.test.mock.mockito.MockitoTestExecutionListener@65045a87, org.springframework.boot.test.autoconfigure.SpringBootDependencyInjectionTestExecutionListener@47f4e407, org.springframework.test.context.support.DirtiesContextTestExecutionListener@2d1dee39, org.springframework.test.context.event.EventPublishingTestExecutionListener@48d5f34e, org.springframework.boot.test.mock.mockito.ResetMocksTestExecutionListener@fc258b1, org.springframework.boot.test.autoconfigure.restdocs.RestDocsTestExecutionListener@6ff65192, org.springframework.boot.test.autoconfigure.web.client.MockRestServiceServerResetTestExecutionListener@2dd80673, org.springframework.boot.test.autoconfigure.web.servlet.MockMvcPrintOnlyOnFailureTestExecutionListener@4af0df05, org.springframework.boot.test.autoconfigure.web.servlet.WebDriverTestExecutionListener@57ea113a, org.springframework.boot.test.autoconfigure.webservices.client.MockWebServiceServerTestExecutionListener@acdb094]
2022-08-02 12:02:44,649 INFO [main] c.a.c.CounterAppControllerTest [StartupInfoLogger.java:55] Starting CounterAppControllerTest using Java 17.0.3 on BLRKEC401299L with PID 16816 (started by pradeep.thakur in D:\Springboot_Workspace\demo-app)
2022-08-02 12:02:44,651 INFO [main] c.a.c.CounterAppControllerTest [SpringApplication.java:675] No active profile set, falling back to default profiles: default
2022-08-02 12:02:46,165 INFO [main] o.s.s.c.ThreadPoolTaskExecutor [ExecutorConfigurationSupport.java:181] Initializing ExecutorService 'applicationTaskExecutor'
2022-08-02 12:02:46,745 INFO [main] o.s.b.t.m.w.SpringBootMockServletContext [MockServletContext.java:455] Initializing Spring TestDispatcherServlet ''
2022-08-02 12:02:46,746 INFO [main] o.s.t.w.s.TestDispatcherServlet [FrameworkServlet.java:525] Initializing Servlet ''
2022-08-02 12:02:46,761 INFO [main] o.s.b.a.e.w.EndpointLinksResolver [EndpointLinksResolver.java:58] Exposing 2 endpoint(s) beneath base path '/actuator'
2022-08-02 12:02:46,786 INFO [main] o.s.t.w.s.TestDispatcherServlet [FrameworkServlet.java:547] Completed initialization in 39 ms
2022-08-02 12:02:46,826 INFO [main] c.a.c.CounterAppControllerTest [StartupInfoLogger.java:61] Started CounterAppControllerTest in 2.433 seconds (JVM running for 3.474)
2022-08-02 12:02:47,446 INFO [main] o.s.b.t.c.SpringBootTestContextBootstrapper [AbstractTestContextBootstrapper.java:305] Neither @ContextConfiguration nor @ContextHierarchy found for test class [counter.app.CounterAppTests], using SpringBootContextLoader
2022-08-02 12:02:47,447 INFO [main] o.s.t.c.s.AbstractContextLoader [AbstractContextLoader.java:264] Could not detect default resource locations for test class [counter.app.CounterAppTests]: no resource found for suffixes {-context.xml, Context.groovy}.
2022-08-02 12:02:47,448 INFO [main] o.s.t.c.s.AnnotationConfigContextLoaderUtils [AnnotationConfigContextLoaderUtils.java:83] Could not detect default configuration classes for test class [counter.app.CounterAppTests]: CounterAppTests does not declare any static, non-private, non-final, nested classes annotated with @Configuration.
2022-08-02 12:02:47,454 INFO [main] o.s.b.t.c.SpringBootTestContextBootstrapper [SpringBootTestContextBootstrapper.java:238] Found @SpringBootConfiguration counter.app.CounterApplication for test class counter.app.CounterAppTests
2022-08-02 12:02:47,458 INFO [main] o.s.b.t.c.SpringBootTestContextBootstrapper [AbstractTestContextBootstrapper.java:245] Loaded default TestExecutionListener class names from location [META-INF/spring.factories]: [org.springframework.boot.test.mock.mockito.MockitoTestExecutionListener, org.springframework.boot.test.mock.mockito.ResetMocksTestExecutionListener, org.springframework.boot.test.autoconfigure.restdocs.RestDocsTestExecutionListener, org.springframework.boot.test.autoconfigure.web.client.MockRestServiceServerResetTestExecutionListener, org.springframework.boot.test.autoconfigure.web.servlet.MockMvcPrintOnlyOnFailureTestExecutionListener, org.springframework.boot.test.autoconfigure.web.servlet.WebDriverTestExecutionListener, org.springframework.boot.test.autoconfigure.webservices.client.MockWebServiceServerTestExecutionListener, org.springframework.test.context.web.ServletTestExecutionListener, org.springframework.test.context.support.DirtiesContextBeforeModesTestExecutionListener, org.springframework.test.context.event.ApplicationEventsTestExecutionListener, org.springframework.test.context.support.DependencyInjectionTestExecutionListener, org.springframework.test.context.support.DirtiesContextTestExecutionListener, org.springframework.test.context.transaction.TransactionalTestExecutionListener, org.springframework.test.context.jdbc.SqlScriptsTestExecutionListener, org.springframework.test.context.event.EventPublishingTestExecutionListener]
2022-08-02 12:02:47,460 INFO [main] o.s.b.t.c.SpringBootTestContextBootstrapper [AbstractTestContextBootstrapper.java:174] Using TestExecutionListeners: [org.springframework.test.context.web.ServletTestExecutionListener@11c7a0b4, org.springframework.test.context.support.DirtiesContextBeforeModesTestExecutionListener@75ed125a, org.springframework.test.context.event.ApplicationEventsTestExecutionListener@653a5967, org.springframework.boot.test.mock.mockito.MockitoTestExecutionListener@5a85b4e6, org.springframework.boot.test.autoconfigure.SpringBootDependencyInjectionTestExecutionListener@766b6d02, org.springframework.test.context.support.DirtiesContextTestExecutionListener@6b09ce57, org.springframework.test.context.event.EventPublishingTestExecutionListener@5c4f4330, org.springframework.boot.test.mock.mockito.ResetMocksTestExecutionListener@2b9aeedb, org.springframework.boot.test.autoconfigure.restdocs.RestDocsTestExecutionListener@63485d7, org.springframework.boot.test.autoconfigure.web.client.MockRestServiceServerResetTestExecutionListener@23ea8830, org.springframework.boot.test.autoconfigure.web.servlet.MockMvcPrintOnlyOnFailureTestExecutionListener@59a09be, org.springframework.boot.test.autoconfigure.web.servlet.WebDriverTestExecutionListener@790ac3e0, org.springframework.boot.test.autoconfigure.webservices.client.MockWebServiceServerTestExecutionListener@5bb2fb2b]
2022-08-02 12:02:47,516 INFO [main] c.a.CounterAppTests [StartupInfoLogger.java:55] Starting CounterAppTests using Java 17.0.3 on BLRKEC401299L with PID 16816 (started by pradeep.thakur in D:\Springboot_Workspace\demo-app)
2022-08-02 12:02:47,518 INFO [main] c.a.CounterAppTests [SpringApplication.java:675] No active profile set, falling back to default profiles: default
2022-08-02 12:02:48,084 INFO [main] o.s.s.c.ThreadPoolTaskExecutor [ExecutorConfigurationSupport.java:181] Initializing ExecutorService 'applicationTaskExecutor'
2022-08-02 12:02:48,327 INFO [main] o.s.b.a.e.w.EndpointLinksResolver [EndpointLinksResolver.java:58] Exposing 2 endpoint(s) beneath base path '/actuator'
2022-08-02 12:02:48,362 INFO [main] c.a.CounterAppTests [StartupInfoLogger.java:61] Started CounterAppTests in 0.897 seconds (JVM running for 5.011)
2022-08-02 12:02:48,401 INFO [SpringContextShutdownHook] o.s.s.c.ThreadPoolTaskExecutor [ExecutorConfigurationSupport.java:218] Shutting down ExecutorService 'applicationTaskExecutor'
2022-08-02 12:02:48,402 INFO [SpringContextShutdownHook] o.s.s.c.ThreadPoolTaskExecutor [ExecutorConfigurationSupport.java:218] Shutting down ExecutorService 'applicationTaskExecutor'
2022-08-02 12:03:42,518 INFO [main] o.s.b.t.c.SpringBootTestContextBootstrapper [AbstractTestContextBootstrapper.java:305] Neither @ContextConfiguration nor @ContextHierarchy found for test class [counter.app.controller.CounterAppControllerTest], using SpringBootContextLoader
2022-08-02 12:03:42,527 INFO [main] o.s.t.c.s.AbstractContextLoader [AbstractContextLoader.java:264] Could not detect default resource locations for test class [counter.app.controller.CounterAppControllerTest]: no resource found for suffixes {-context.xml, Context.groovy}.
2022-08-02 12:03:42,529 INFO [main] o.s.t.c.s.AnnotationConfigContextLoaderUtils [AnnotationConfigContextLoaderUtils.java:83] Could not detect default configuration classes for test class [counter.app.controller.CounterAppControllerTest]: CounterAppControllerTest does not declare any static, non-private, non-final, nested classes annotated with @Configuration.
2022-08-02 12:03:42,652 INFO [main] o.s.b.t.c.SpringBootTestContextBootstrapper [SpringBootTestContextBootstrapper.java:238] Found @SpringBootConfiguration counter.app.CounterApplication for test class counter.app.controller.CounterAppControllerTest
2022-08-02 12:03:42,738 INFO [main] o.s.b.t.c.SpringBootTestContextBootstrapper [AbstractTestContextBootstrapper.java:245] Loaded default TestExecutionListener class names from location [META-INF/spring.factories]: [org.springframework.boot.test.mock.mockito.MockitoTestExecutionListener, org.springframework.boot.test.mock.mockito.ResetMocksTestExecutionListener, org.springframework.boot.test.autoconfigure.restdocs.RestDocsTestExecutionListener, org.springframework.boot.test.autoconfigure.web.client.MockRestServiceServerResetTestExecutionListener, org.springframework.boot.test.autoconfigure.web.servlet.MockMvcPrintOnlyOnFailureTestExecutionListener, org.springframework.boot.test.autoconfigure.web.servlet.WebDriverTestExecutionListener, org.springframework.boot.test.autoconfigure.webservices.client.MockWebServiceServerTestExecutionListener, org.springframework.test.context.web.ServletTestExecutionListener, org.springframework.test.context.support.DirtiesContextBeforeModesTestExecutionListener, org.springframework.test.context.event.ApplicationEventsTestExecutionListener, org.springframework.test.context.support.DependencyInjectionTestExecutionListener, org.springframework.test.context.support.DirtiesContextTestExecutionListener, org.springframework.test.context.transaction.TransactionalTestExecutionListener, org.springframework.test.context.jdbc.SqlScriptsTestExecutionListener, org.springframework.test.context.event.EventPublishingTestExecutionListener]
2022-08-02 12:03:42,750 INFO [main] o.s.b.t.c.SpringBootTestContextBootstrapper [AbstractTestContextBootstrapper.java:174] Using TestExecutionListeners: [org.springframework.test.context.web.ServletTestExecutionListener@1d470d0, org.springframework.test.context.support.DirtiesContextBeforeModesTestExecutionListener@24d09c1, org.springframework.test.context.event.ApplicationEventsTestExecutionListener@54c62d71, org.springframework.boot.test.mock.mockito.MockitoTestExecutionListener@65045a87, org.springframework.boot.test.autoconfigure.SpringBootDependencyInjectionTestExecutionListener@47f4e407, org.springframework.test.context.support.DirtiesContextTestExecutionListener@2d1dee39, org.springframework.test.context.event.EventPublishingTestExecutionListener@48d5f34e, org.springframework.boot.test.mock.mockito.ResetMocksTestExecutionListener@fc258b1, org.springframework.boot.test.autoconfigure.restdocs.RestDocsTestExecutionListener@6ff65192, org.springframework.boot.test.autoconfigure.web.client.MockRestServiceServerResetTestExecutionListener@2dd80673, org.springframework.boot.test.autoconfigure.web.servlet.MockMvcPrintOnlyOnFailureTestExecutionListener@4af0df05, org.springframework.boot.test.autoconfigure.web.servlet.WebDriverTestExecutionListener@57ea113a, org.springframework.boot.test.autoconfigure.webservices.client.MockWebServiceServerTestExecutionListener@acdb094]
2022-08-02 12:03:43,030 INFO [main] c.a.c.CounterAppControllerTest [StartupInfoLogger.java:55] Starting CounterAppControllerTest using Java 17.0.3 on BLRKEC401299L with PID 1632 (started by pradeep.thakur in D:\Springboot_Workspace\demo-app)
2022-08-02 12:03:43,033 INFO [main] c.a.c.CounterAppControllerTest [SpringApplication.java:675] No active profile set, falling back to default profiles: default
2022-08-02 12:03:44,554 INFO [main] o.s.s.c.ThreadPoolTaskExecutor [ExecutorConfigurationSupport.java:181] Initializing ExecutorService 'applicationTaskExecutor'
2022-08-02 12:03:45,125 INFO [main] o.s.b.t.m.w.SpringBootMockServletContext [MockServletContext.java:455] Initializing Spring TestDispatcherServlet ''
2022-08-02 12:03:45,126 INFO [main] o.s.t.w.s.TestDispatcherServlet [FrameworkServlet.java:525] Initializing Servlet ''
2022-08-02 12:03:45,137 INFO [main] o.s.b.a.e.w.EndpointLinksResolver [EndpointLinksResolver.java:58] Exposing 2 endpoint(s) beneath base path '/actuator'
2022-08-02 12:03:45,176 INFO [main] o.s.t.w.s.TestDispatcherServlet [FrameworkServlet.java:547] Completed initialization in 50 ms
2022-08-02 12:03:45,229 INFO [main] c.a.c.CounterAppControllerTest [StartupInfoLogger.java:61] Started CounterAppControllerTest in 2.437 seconds (JVM running for 3.443)
2022-08-02 12:03:45,904 INFO [main] o.s.b.t.c.SpringBootTestContextBootstrapper [AbstractTestContextBootstrapper.java:305] Neither @ContextConfiguration nor @ContextHierarchy found for test class [counter.app.CounterAppTests], using SpringBootContextLoader
2022-08-02 12:03:45,906 INFO [main] o.s.t.c.s.AbstractContextLoader [AbstractContextLoader.java:264] Could not detect default resource locations for test class [counter.app.CounterAppTests]: no resource found for suffixes {-context.xml, Context.groovy}.
2022-08-02 12:03:45,906 INFO [main] o.s.t.c.s.AnnotationConfigContextLoaderUtils [AnnotationConfigContextLoaderUtils.java:83] Could not detect default configuration classes for test class [counter.app.CounterAppTests]: CounterAppTests does not declare any static, non-private, non-final, nested classes annotated with @Configuration.
2022-08-02 12:03:45,914 INFO [main] o.s.b.t.c.SpringBootTestContextBootstrapper [SpringBootTestContextBootstrapper.java:238] Found @SpringBootConfiguration counter.app.CounterApplication for test class counter.app.CounterAppTests
2022-08-02 12:03:45,923 INFO [main] o.s.b.t.c.SpringBootTestContextBootstrapper [AbstractTestContextBootstrapper.java:245] Loaded default TestExecutionListener class names from location [META-INF/spring.factories]: [org.springframework.boot.test.mock.mockito.MockitoTestExecutionListener, org.springframework.boot.test.mock.mockito.ResetMocksTestExecutionListener, org.springframework.boot.test.autoconfigure.restdocs.RestDocsTestExecutionListener, org.springframework.boot.test.autoconfigure.web.client.MockRestServiceServerResetTestExecutionListener, org.springframework.boot.test.autoconfigure.web.servlet.MockMvcPrintOnlyOnFailureTestExecutionListener, org.springframework.boot.test.autoconfigure.web.servlet.WebDriverTestExecutionListener, org.springframework.boot.test.autoconfigure.webservices.client.MockWebServiceServerTestExecutionListener, org.springframework.test.context.web.ServletTestExecutionListener, org.springframework.test.context.support.DirtiesContextBeforeModesTestExecutionListener, org.springframework.test.context.event.ApplicationEventsTestExecutionListener, org.springframework.test.context.support.DependencyInjectionTestExecutionListener, org.springframework.test.context.support.DirtiesContextTestExecutionListener, org.springframework.test.context.transaction.TransactionalTestExecutionListener, org.springframework.test.context.jdbc.SqlScriptsTestExecutionListener, org.springframework.test.context.event.EventPublishingTestExecutionListener]
2022-08-02 12:03:45,927 INFO [main] o.s.b.t.c.SpringBootTestContextBootstrapper [AbstractTestContextBootstrapper.java:174] Using TestExecutionListeners: [org.springframework.test.context.web.ServletTestExecutionListener@4b4927e5, org.springframework.test.context.support.DirtiesContextBeforeModesTestExecutionListener@4c5da4f9, org.springframework.test.context.event.ApplicationEventsTestExecutionListener@ff0e6d4, org.springframework.boot.test.mock.mockito.MockitoTestExecutionListener@70d3cdbf, org.springframework.boot.test.autoconfigure.SpringBootDependencyInjectionTestExecutionListener@72a7aa4f, org.springframework.test.context.support.DirtiesContextTestExecutionListener@537ca28e, org.springframework.test.context.event.EventPublishingTestExecutionListener@5b322873, org.springframework.boot.test.mock.mockito.ResetMocksTestExecutionListener@35e2b89f, org.springframework.boot.test.autoconfigure.restdocs.RestDocsTestExecutionListener@7ad889be, org.springframework.boot.test.autoconfigure.web.client.MockRestServiceServerResetTestExecutionListener@4c063cb9, org.springframework.boot.test.autoconfigure.web.servlet.MockMvcPrintOnlyOnFailureTestExecutionListener@63de4fa, org.springframework.boot.test.autoconfigure.web.servlet.WebDriverTestExecutionListener@26bb92e2, org.springframework.boot.test.autoconfigure.webservices.client.MockWebServiceServerTestExecutionListener@18907af2]
2022-08-02 12:03:45,997 INFO [main] c.a.CounterAppTests [StartupInfoLogger.java:55] Starting CounterAppTests using Java 17.0.3 on BLRKEC401299L with PID 1632 (started by pradeep.thakur in D:\Springboot_Workspace\demo-app)
2022-08-02 12:03:45,998 INFO [main] c.a.CounterAppTests [SpringApplication.java:675] No active profile set, falling back to default profiles: default
2022-08-02 12:03:46,548 INFO [main] o.s.s.c.ThreadPoolTaskExecutor [ExecutorConfigurationSupport.java:181] Initializing ExecutorService 'applicationTaskExecutor'
2022-08-02 12:03:46,795 INFO [main] o.s.b.a.e.w.EndpointLinksResolver [EndpointLinksResolver.java:58] Exposing 2 endpoint(s) beneath base path '/actuator'
2022-08-02 12:03:46,824 INFO [main] c.a.CounterAppTests [StartupInfoLogger.java:61] Started CounterAppTests in 0.889 seconds (JVM running for 5.037)
2022-08-02 12:03:46,854 INFO [SpringContextShutdownHook] o.s.s.c.ThreadPoolTaskExecutor [ExecutorConfigurationSupport.java:218] Shutting down ExecutorService 'applicationTaskExecutor'
2022-08-02 12:03:46,855 INFO [SpringContextShutdownHook] o.s.s.c.ThreadPoolTaskExecutor [ExecutorConfigurationSupport.java:218] Shutting down ExecutorService 'applicationTaskExecutor'
2022-08-02 12:04:06,629 INFO [main] c.a.CounterApplication [StartupInfoLogger.java:55] Starting CounterApplication using Java 17.0.3 on BLRKEC401299L with PID 20936 (D:\Springboot_Workspace\demo-app\target\classes started by pradeep.thakur in D:\Springboot_Workspace\demo-app)
2022-08-02 12:04:06,630 INFO [main] c.a.CounterApplication [SpringApplication.java:675] No active profile set, falling back to default profiles: default
2022-08-02 12:04:07,317 INFO [main] o.s.b.w.e.t.TomcatWebServer [TomcatWebServer.java:108] Tomcat initialized with port(s): 8080 (http)
2022-08-02 12:04:07,324 INFO [main] o.a.c.h.Http11NioProtocol [DirectJDKLog.java:173] Initializing ProtocolHandler ["http-nio-8080"]
2022-08-02 12:04:07,325 INFO [main] o.a.c.c.StandardService [DirectJDKLog.java:173] Starting service [Tomcat]
2022-08-02 12:04:07,325 INFO [main] o.a.c.c.StandardEngine [DirectJDKLog.java:173] Starting Servlet engine: [Apache Tomcat/9.0.45]
2022-08-02 12:04:07,379 INFO [main] o.a.c.c.C.[.[.[/] [DirectJDKLog.java:173] Initializing Spring embedded WebApplicationContext
2022-08-02 12:04:07,379 INFO [main] o.s.b.w.s.c.ServletWebServerApplicationContext [ServletWebServerApplicationContext.java:289] Root WebApplicationContext: initialization completed in 717 ms
2022-08-02 12:04:07,561 INFO [main] o.s.s.c.ThreadPoolTaskExecutor [ExecutorConfigurationSupport.java:181] Initializing ExecutorService 'applicationTaskExecutor'
2022-08-02 12:04:07,756 INFO [main] o.s.b.a.e.w.EndpointLinksResolver [EndpointLinksResolver.java:58] Exposing 2 endpoint(s) beneath base path '/actuator'
2022-08-02 12:04:07,778 INFO [main] o.a.c.h.Http11NioProtocol [DirectJDKLog.java:173] Starting ProtocolHandler ["http-nio-8080"]
2022-08-02 12:04:07,815 INFO [main] o.s.b.w.e.t.TomcatWebServer [TomcatWebServer.java:220] Tomcat started on port(s): 8080 (http) with context path ''
2022-08-02 12:04:07,826 INFO [main] c.a.CounterApplication [StartupInfoLogger.java:61] Started CounterApplication in 1.41 seconds (JVM running for 1.933)
2022-08-02 12:04:10,040 INFO [RMI TCP Connection(2)-127.0.0.1] o.a.c.c.C.[.[.[/] [DirectJDKLog.java:173] Initializing Spring DispatcherServlet 'dispatcherServlet'
2022-08-02 12:04:10,040 INFO [RMI TCP Connection(2)-127.0.0.1] o.s.w.s.DispatcherServlet [FrameworkServlet.java:525] Initializing Servlet 'dispatcherServlet'
2022-08-02 12:04:10,041 INFO [RMI TCP Connection(2)-127.0.0.1] o.s.w.s.DispatcherServlet [FrameworkServlet.java:547] Completed initialization in 1 ms
2022-08-02 12:04:24,442 INFO [Thread-2] c.a.c.CounterController [CounterController.java:28] logger count 0
2022-08-02 12:04:29,446 INFO [Thread-2] c.a.c.CounterController [CounterController.java:28] logger count 1
2022-08-02 12:04:33,719 INFO [http-nio-8080-exec-2] c.a.c.CounterController [CounterController.java:53] setting interval...100
2022-08-02 12:04:34,451 INFO [Thread-2] c.a.c.CounterController [CounterController.java:28] logger count 2
2022-08-02 12:04:34,561 INFO [Thread-2] c.a.c.CounterController [CounterController.java:28] logger count 3
2022-08-02 12:04:34,671 INFO [Thread-2] c.a.c.CounterController [CounterController.java:28] logger count 4
2022-08-02 12:04:34,781 INFO [Thread-2] c.a.c.CounterController [CounterController.java:28] logger count 5
2022-08-02 12:04:34,890 INFO [Thread-2] c.a.c.CounterController [CounterController.java:28] logger count 6
2022-08-02 12:04:35,001 INFO [Thread-2] c.a.c.CounterController [CounterController.java:28] logger count 7
2022-08-02 12:04:35,103 INFO [Thread-2] c.a.c.CounterController [CounterController.java:28] logger count 8
2022-08-02 12:04:35,204 INFO [Thread-2] c.a.c.CounterController [CounterController.java:28] logger count 9
2022-08-02 12:04:35,307 INFO [Thread-2] c.a.c.CounterController [CounterController.java:28] logger count 10
2022-08-02 12:04:35,409 INFO [Thread-2] c.a.c.CounterController [CounterController.java:28] logger count 11
2022-08-02 12:04:35,510 INFO [Thread-2] c.a.c.CounterController [CounterController.java:28] logger count 12
2022-08-02 12:04:35,612 INFO [Thread-2] c.a.c.CounterController [CounterController.java:28] logger count 13
2022-08-02 12:04:35,713 INFO [Thread-2] c.a.c.CounterController [CounterController.java:28] logger count 14
2022-08-02 12:04:35,814 INFO [Thread-2] c.a.c.CounterController [CounterController.java:28] logger count 15
2022-08-02 12:04:35,916 INFO [Thread-2] c.a.c.CounterController [CounterController.java:28] logger count 16
2022-08-02 12:04:36,018 INFO [Thread-2] c.a.c.CounterController [CounterController.java:28] logger count 17
2022-08-02 12:04:36,125 INFO [Thread-2] c.a.c.CounterController [CounterController.java:28] logger count 18
2022-08-02 12:04:36,235 INFO [Thread-2] c.a.c.CounterController [CounterController.java:28] logger count 19
2022-08-02 12:04:36,343 INFO [Thread-2] c.a.c.CounterController [CounterController.java:28] logger count 20
2022-08-02 12:04:36,453 INFO [Thread-2] c.a.c.CounterController [CounterController.java:28] logger count 21
2022-08-02 12:04:36,561 INFO [Thread-2] c.a.c.CounterController [CounterController.java:28] logger count 22
2022-08-02 12:04:36,670 INFO [Thread-2] c.a.c.CounterController [CounterController.java:28] logger count 23
2022-08-02 12:04:36,779 INFO [Thread-2] c.a.c.CounterController [CounterController.java:28] logger count 24
2022-08-02 12:04:36,890 INFO [Thread-2] c.a.c.CounterController [CounterController.java:28] logger count 25
2022-08-02 12:04:36,998 INFO [Thread-2] c.a.c.CounterController [CounterController.java:28] logger count 26
2022-08-02 12:04:37,105 INFO [Thread-2] c.a.c.CounterController [CounterController.java:28] logger count 27
2022-08-02 12:04:37,215 INFO [Thread-2] c.a.c.CounterController [CounterController.java:28] logger count 28
2022-08-02 12:04:37,324 INFO [Thread-2] c.a.c.CounterController [CounterController.java:28] logger count 29
2022-08-02 12:04:37,433 INFO [Thread-2] c.a.c.CounterController [CounterController.java:28] logger count 30
2022-08-02 12:04:37,541 INFO [Thread-2] c.a.c.CounterController [CounterController.java:28] logger count 31
2022-08-02 12:04:37,650 INFO [Thread-2] c.a.c.CounterController [CounterController.java:28] logger count 32
2022-08-02 12:04:37,759 INFO [Thread-2] c.a.c.CounterController [CounterController.java:28] logger count 33
2022-08-02 12:04:37,870 INFO [Thread-2] c.a.c.CounterController [CounterController.java:28] logger count 34
2022-08-02 12:04:37,979 INFO [Thread-2] c.a.c.CounterController [CounterController.java:28] logger count 35
2022-08-02 12:04:38,087 INFO [Thread-2] c.a.c.CounterController [CounterController.java:28] logger count 36
2022-08-02 12:04:38,194 INFO [Thread-2] c.a.c.CounterController [CounterController.java:28] logger count 37
2022-08-02 12:04:38,303 INFO [Thread-2] c.a.c.CounterController [CounterController.java:28] logger count 38
2022-08-02 12:04:38,409 INFO [Thread-2] c.a.c.CounterController [CounterController.java:28] logger count 39
2022-08-02 12:04:38,517 INFO [Thread-2] c.a.c.CounterController [CounterController.java:28] logger count 40
2022-08-02 12:04:38,626 INFO [Thread-2] c.a.c.CounterController [CounterController.java:28] logger count 41
2022-08-02 12:04:38,735 INFO [Thread-2] c.a.c.CounterController [CounterController.java:28] logger count 42
2022-08-02 12:04:38,844 INFO [Thread-2] c.a.c.CounterController [CounterController.java:28] logger count 43
2022-08-02 12:04:38,953 INFO [Thread-2] c.a.c.CounterController [CounterController.java:28] logger count 44
2022-08-02 12:04:39,062 INFO [Thread-2] c.a.c.CounterController [CounterController.java:28] logger count 45
2022-08-02 12:04:39,170 INFO [Thread-2] c.a.c.CounterController [CounterController.java:28] logger count 46
2022-08-02 12:04:39,279 INFO [Thread-2] c.a.c.CounterController [CounterController.java:28] logger count 47
2022-08-02 12:04:39,386 INFO [Thread-2] c.a.c.CounterController [CounterController.java:28] logger count 48
2022-08-02 12:04:39,496 INFO [Thread-2] c.a.c.CounterController [CounterController.java:28] logger count 49
2022-08-02 12:04:39,604 INFO [Thread-2] c.a.c.CounterController [CounterController.java:28] logger count 50
2022-08-02 12:04:39,713 INFO [Thread-2] c.a.c.CounterController [CounterController.java:28] logger count 51
2022-08-02 12:04:39,821 INFO [Thread-2] c.a.c.CounterController [CounterController.java:28] logger count 52
2022-08-02 12:04:39,929 INFO [Thread-2] c.a.c.CounterController [CounterController.java:28] logger count 53
2022-08-02 12:04:39,930 INFO [http-nio-8080-exec-3] c.a.c.CounterController [CounterController.java:46] stopping task.....a
2022-08-02 12:04:40,039 INFO [Thread-2] c.a.c.CounterController [CounterController.java:28] logger count 54
2022-08-02 12:04:40,039 INFO [Thread-2] c.a.c.CounterController [CounterController.java:33] stopped task.....at 55
2022-08-02 12:05:12,908 INFO [Thread-3] c.a.c.CounterController [CounterController.java:28] logger count 0
2022-08-02 12:05:13,018 INFO [Thread-3] c.a.c.CounterController [CounterController.java:28] logger count 1
2022-08-02 12:05:13,129 INFO [Thread-3] c.a.c.CounterController [CounterController.java:28] logger count 2
2022-08-02 12:05:13,231 INFO [Thread-3] c.a.c.CounterController [CounterController.java:28] logger count 3
2022-08-02 12:05:13,334 INFO [Thread-3] c.a.c.CounterController [CounterController.java:28] logger count 4
2022-08-02 12:05:13,435 INFO [Thread-3] c.a.c.CounterController [CounterController.java:28] logger count 5
2022-08-02 12:05:13,536 INFO [Thread-3] c.a.c.CounterController [CounterController.java:28] logger count 6
2022-08-02 12:05:13,637 INFO [Thread-3] c.a.c.CounterController [CounterController.java:28] logger count 7
2022-08-02 12:05:13,739 INFO [Thread-3] c.a.c.CounterController [CounterController.java:28] logger count 8
2022-08-02 12:05:13,840 INFO [Thread-3] c.a.c.CounterController [CounterController.java:28] logger count 9
2022-08-02 12:05:13,941 INFO [Thread-3] c.a.c.CounterController [CounterController.java:28] logger count 10
2022-08-02 12:05:14,043 INFO [Thread-3] c.a.c.CounterController [CounterController.java:28] logger count 11
2022-08-02 12:05:14,144 INFO [Thread-3] c.a.c.CounterController [CounterController.java:28] logger count 12
2022-08-02 12:05:14,252 INFO [Thread-3] c.a.c.CounterController [CounterController.java:28] logger count 13
2022-08-02 12:05:14,360 INFO [Thread-3] c.a.c.CounterController [CounterController.java:28] logger count 14
2022-08-02 12:05:14,469 INFO [Thread-3] c.a.c.CounterController [CounterController.java:28] logger count 15
2022-08-02 12:05:14,580 INFO [Thread-3] c.a.c.CounterController [CounterController.java:28] logger count 16
2022-08-02 12:05:14,687 INFO [Thread-3] c.a.c.CounterController [CounterController.java:28] logger count 17
2022-08-02 12:05:14,796 INFO [Thread-3] c.a.c.CounterController [CounterController.java:28] logger count 18
2022-08-02 12:05:14,905 INFO [Thread-3] c.a.c.CounterController [CounterController.java:28] logger count 19
2022-08-02 12:05:15,015 INFO [Thread-3] c.a.c.CounterController [CounterController.java:28] logger count 20
2022-08-02 12:05:15,124 INFO [Thread-3] c.a.c.CounterController [CounterController.java:28] logger count 21
2022-08-02 12:05:15,232 INFO [Thread-3] c.a.c.CounterController [CounterController.java:28] logger count 22
2022-08-02 12:05:15,342 INFO [Thread-3] c.a.c.CounterController [CounterController.java:28] logger count 23
2022-08-02 12:05:15,451 INFO [Thread-3] c.a.c.CounterController [CounterController.java:28] logger count 24
2022-08-02 12:05:15,560 INFO [Thread-3] c.a.c.CounterController [CounterController.java:28] logger count 25
2022-08-02 12:05:15,669 INFO [Thread-3] c.a.c.CounterController [CounterController.java:28] logger count 26
2022-08-02 12:05:15,777 INFO [Thread-3] c.a.c.CounterController [CounterController.java:28] logger count 27
2022-08-02 12:05:15,887 INFO [Thread-3] c.a.c.CounterController [CounterController.java:28] logger count 28
2022-08-02 12:05:15,996 INFO [Thread-3] c.a.c.CounterController [CounterController.java:28] logger count 29
2022-08-02 12:05:16,107 INFO [Thread-3] c.a.c.CounterController [CounterController.java:28] logger count 30
2022-08-02 12:05:16,216 INFO [Thread-3] c.a.c.CounterController [CounterController.java:28] logger count 31
2022-08-02 12:05:16,324 INFO [Thread-3] c.a.c.CounterController [CounterController.java:28] logger count 32
2022-08-02 12:05:16,433 INFO [Thread-3] c.a.c.CounterController [CounterController.java:28] logger count 33
2022-08-02 12:05:16,542 INFO [Thread-3] c.a.c.CounterController [CounterController.java:28] logger count 34
2022-08-02 12:05:16,650 INFO [Thread-3] c.a.c.CounterController [CounterController.java:28] logger count 35
2022-08-02 12:05:16,758 INFO [Thread-3] c.a.c.CounterController [CounterController.java:28] logger count 36
2022-08-02 12:05:16,867 INFO [Thread-3] c.a.c.CounterController [CounterController.java:28] logger count 37
2022-08-02 12:05:16,976 INFO [Thread-3] c.a.c.CounterController [CounterController.java:28] logger count 38
2022-08-02 12:05:17,084 INFO [Thread-3] c.a.c.CounterController [CounterController.java:28] logger count 39
2022-08-02 12:05:17,192 INFO [Thread-3] c.a.c.CounterController [CounterController.java:28] logger count 40
2022-08-02 12:05:17,301 INFO [Thread-3] c.a.c.CounterController [CounterController.java:28] logger count 41
2022-08-02 12:05:17,411 INFO [Thread-3] c.a.c.CounterController [CounterController.java:28] logger count 42
2022-08-02 12:05:17,518 INFO [Thread-3] c.a.c.CounterController [CounterController.java:28] logger count 43
2022-08-02 12:05:17,626 INFO [Thread-3] c.a.c.CounterController [CounterController.java:28] logger count 44
2022-08-02 12:05:17,736 INFO [Thread-3] c.a.c.CounterController [CounterController.java:28] logger count 45
2022-08-02 12:05:17,846 INFO [Thread-3] c.a.c.CounterController [CounterController.java:28] logger count 46
2022-08-02 12:05:17,955 INFO [Thread-3] c.a.c.CounterController [CounterController.java:28] logger count 47
2022-08-02 12:05:18,061 INFO [Thread-3] c.a.c.CounterController [CounterController.java:28] logger count 48
2022-08-02 12:05:18,171 INFO [Thread-3] c.a.c.CounterController [CounterController.java:28] logger count 49
2022-08-02 12:05:18,272 INFO [Thread-3] c.a.c.CounterController [CounterController.java:28] logger count 50
2022-08-02 12:05:18,375 INFO [Thread-3] c.a.c.CounterController [CounterController.java:28] logger count 51
2022-08-02 12:05:18,476 INFO [Thread-3] c.a.c.CounterController [CounterController.java:28] logger count 52
2022-08-02 12:05:18,577 INFO [Thread-3] c.a.c.CounterController [CounterController.java:28] logger count 53
2022-08-02 12:05:18,679 INFO [Thread-3] c.a.c.CounterController [CounterController.java:28] logger count 54
2022-08-02 12:05:18,781 INFO [Thread-3] c.a.c.CounterController [CounterController.java:28] logger count 55
2022-08-02 12:05:18,883 INFO [Thread-3] c.a.c.CounterController [CounterController.java:28] logger count 56
2022-08-02 12:05:18,986 INFO [Thread-3] c.a.c.CounterController [CounterController.java:28] logger count 57
2022-08-02 12:05:19,088 INFO [Thread-3] c.a.c.CounterController [CounterController.java:28] logger count 58
2022-08-02 12:05:19,200 INFO [Thread-3] c.a.c.CounterController [CounterController.java:28] logger count 59
2022-08-02 12:05:19,309 INFO [Thread-3] c.a.c.CounterController [CounterController.java:28] logger count 60
2022-08-02 12:05:19,416 INFO [Thread-3] c.a.c.CounterController [CounterController.java:28] logger count 61
2022-08-02 12:05:19,524 INFO [Thread-3] c.a.c.CounterController [CounterController.java:28] logger count 62
2022-08-02 12:05:19,633 INFO [Thread-3] c.a.c.CounterController [CounterController.java:28] logger count 63
2022-08-02 12:05:19,744 INFO [Thread-3] c.a.c.CounterController [CounterController.java:28] logger count 64
2022-08-02 12:05:19,853 INFO [Thread-3] c.a.c.CounterController [CounterController.java:28] logger count 65
2022-08-02 12:05:19,961 INFO [Thread-3] c.a.c.CounterController [CounterController.java:28] logger count 66
2022-08-02 12:05:20,070 INFO [Thread-3] c.a.c.CounterController [CounterController.java:28] logger count 67
2022-08-02 12:05:20,179 INFO [Thread-3] c.a.c.CounterController [CounterController.java:28] logger count 68
2022-08-02 12:05:20,286 INFO [Thread-3] c.a.c.CounterController [CounterController.java:28] logger count 69
2022-08-02 12:05:20,395 INFO [Thread-3] c.a.c.CounterController [CounterController.java:28] logger count 70
2022-08-02 12:05:20,505 INFO [Thread-3] c.a.c.CounterController [CounterController.java:28] logger count 71
2022-08-02 12:05:20,613 INFO [Thread-3] c.a.c.CounterController [CounterController.java:28] logger count 72
2022-08-02 12:05:20,722 INFO [Thread-3] c.a.c.CounterController [CounterController.java:28] logger count 73
2022-08-02 12:05:20,830 INFO [Thread-3] c.a.c.CounterController [CounterController.java:28] logger count 74
2022-08-02 12:05:20,939 INFO [Thread-3] c.a.c.CounterController [CounterController.java:28] logger count 75
2022-08-02 12:05:21,048 INFO [Thread-3] c.a.c.CounterController [CounterController.java:28] logger count 76
2022-08-02 12:05:21,155 INFO [Thread-3] c.a.c.CounterController [CounterController.java:28] logger count 77
2022-08-02 12:05:21,256 INFO [Thread-3] c.a.c.CounterController [CounterController.java:28] logger count 78
2022-08-02 12:05:21,357 INFO [Thread-3] c.a.c.CounterController [CounterController.java:28] logger count 79
2022-08-02 12:05:21,457 INFO [Thread-3] c.a.c.CounterController [CounterController.java:28] logger count 80
2022-08-02 12:05:21,559 INFO [Thread-3] c.a.c.CounterController [CounterController.java:28] logger count 81
2022-08-02 12:05:21,660 INFO [Thread-3] c.a.c.CounterController [CounterController.java:28] logger count 82
2022-08-02 12:05:21,761 INFO [Thread-3] c.a.c.CounterController [CounterController.java:28] logger count 83
2022-08-02 12:05:21,862 INFO [Thread-3] c.a.c.CounterController [CounterController.java:28] logger count 84
2022-08-02 12:05:21,962 INFO [Thread-3] c.a.c.CounterController [CounterController.java:28] logger count 85
2022-08-02 12:05:22,063 INFO [Thread-3] c.a.c.CounterController [CounterController.java:28] logger count 86
2022-08-02 12:05:22,165 INFO [Thread-3] c.a.c.CounterController [CounterController.java:28] logger count 87
2022-08-02 12:05:22,275 INFO [Thread-3] c.a.c.CounterController [CounterController.java:28] logger count 88
2022-08-02 12:05:22,385 INFO [Thread-3] c.a.c.CounterController [CounterController.java:28] logger count 89
2022-08-02 12:05:22,494 INFO [Thread-3] c.a.c.CounterController [CounterController.java:28] logger count 90
2022-08-02 12:05:22,603 INFO [Thread-3] c.a.c.CounterController [CounterController.java:28] logger count 91
2022-08-02 12:05:22,712 INFO [Thread-3] c.a.c.CounterController [CounterController.java:28] logger count 92
2022-08-02 12:05:22,820 INFO [Thread-3] c.a.c.CounterController [CounterController.java:28] logger count 93
2022-08-02 12:05:22,930 INFO [Thread-3] c.a.c.CounterController [CounterController.java:28] logger count 94
2022-08-02 12:05:23,038 INFO [Thread-3] c.a.c.CounterController [CounterController.java:28] logger count 95
2022-08-02 12:05:23,147 INFO [Thread-3] c.a.c.CounterController [CounterController.java:28] logger count 96
2022-08-02 12:05:23,258 INFO [Thread-3] c.a.c.CounterController [CounterController.java:28] logger count 97
2022-08-02 12:05:23,365 INFO [Thread-3] c.a.c.CounterController [CounterController.java:28] logger count 98
2022-08-02 12:05:23,473 INFO [Thread-3] c.a.c.CounterController [CounterController.java:28] logger count 99
2022-08-02 12:05:23,580 INFO [Thread-3] c.a.c.CounterController [CounterController.java:28] logger count 100
2022-08-02 12:05:23,690 INFO [Thread-3] c.a.c.CounterController [CounterController.java:28] logger count 101
2022-08-02 12:05:23,799 INFO [Thread-3] c.a.c.CounterController [CounterController.java:28] logger count 102
2022-08-02 12:05:23,909 INFO [Thread-3] c.a.c.CounterController [CounterController.java:28] logger count 103
2022-08-02 12:05:24,017 INFO [Thread-3] c.a.c.CounterController [CounterController.java:28] logger count 104
2022-08-02 12:05:24,128 INFO [Thread-3] c.a.c.CounterController [CounterController.java:28] logger count 105
2022-08-02 12:05:24,237 INFO [Thread-3] c.a.c.CounterController [CounterController.java:28] logger count 106
2022-08-02 12:05:24,348 INFO [Thread-3] c.a.c.CounterController [CounterController.java:28] logger count 107
2022-08-02 12:05:24,456 INFO [Thread-3] c.a.c.CounterController [CounterController.java:28] logger count 108
2022-08-02 12:05:24,565 INFO [Thread-3] c.a.c.CounterController [CounterController.java:28] logger count 109
2022-08-02 12:05:24,674 INFO [Thread-3] c.a.c.CounterController [CounterController.java:28] logger count 110
2022-08-02 12:05:24,783 INFO [Thread-3] c.a.c.CounterController [CounterController.java:28] logger count 111
2022-08-02 12:05:24,892 INFO [Thread-3] c.a.c.CounterController [CounterController.java:28] logger count 112
2022-08-02 12:05:25,001 INFO [Thread-3] c.a.c.CounterController [CounterController.java:28] logger count 113
2022-08-02 12:05:25,110 INFO [Thread-3] c.a.c.CounterController [CounterController.java:28] logger count 114
2022-08-02 12:05:25,218 INFO [Thread-3] c.a.c.CounterController [CounterController.java:28] logger count 115
2022-08-02 12:05:25,328 INFO [Thread-3] c.a.c.CounterController [CounterController.java:28] logger count 116
2022-08-02 12:05:25,435 INFO [Thread-3] c.a.c.CounterController [CounterController.java:28] logger count 117
2022-08-02 12:05:25,545 INFO [Thread-3] c.a.c.CounterController [CounterController.java:28] logger count 118
2022-08-02 12:05:25,654 INFO [Thread-3] c.a.c.CounterController [CounterController.java:28] logger count 119
2022-08-02 12:05:25,762 INFO [Thread-3] c.a.c.CounterController [CounterController.java:28] logger count 120
2022-08-02 12:05:25,872 INFO [Thread-3] c.a.c.CounterController [CounterController.java:28] logger count 121
2022-08-02 12:05:25,981 INFO [Thread-3] c.a.c.CounterController [CounterController.java:28] logger count 122
2022-08-02 12:05:26,092 INFO [Thread-3] c.a.c.CounterController [CounterController.java:28] logger count 123
2022-08-02 12:05:26,201 INFO [Thread-3] c.a.c.CounterController [CounterController.java:28] logger count 124
2022-08-02 12:05:26,309 INFO [Thread-3] c.a.c.CounterController [CounterController.java:28] logger count 125
2022-08-02 12:05:26,417 INFO [Thread-3] c.a.c.CounterController [CounterController.java:28] logger count 126
2022-08-02 12:05:26,524 INFO [Thread-3] c.a.c.CounterController [CounterController.java:28] logger count 127
2022-08-02 12:05:26,632 INFO [Thread-3] c.a.c.CounterController [CounterController.java:28] logger count 128
2022-08-02 12:05:26,742 INFO [Thread-3] c.a.c.CounterController [CounterController.java:28] logger count 129
2022-08-02 12:05:26,853 INFO [Thread-3] c.a.c.CounterController [CounterController.java:28] logger count 130
2022-08-02 12:05:26,960 INFO [Thread-3] c.a.c.CounterController [CounterController.java:28] logger count 131
2022-08-02 12:05:27,070 INFO [Thread-3] c.a.c.CounterController [CounterController.java:28] logger count 132
2022-08-02 12:05:27,179 INFO [Thread-3] c.a.c.CounterController [CounterController.java:28] logger count 133
2022-08-02 12:05:27,288 INFO [Thread-3] c.a.c.CounterController [CounterController.java:28] logger count 134
2022-08-02 12:05:27,398 INFO [Thread-3] c.a.c.CounterController [CounterController.java:28] logger count 135
2022-08-02 12:05:27,507 INFO [Thread-3] c.a.c.CounterController [CounterController.java:28] logger count 136
2022-08-02 12:05:27,616 INFO [Thread-3] c.a.c.CounterController [CounterController.java:28] logger count 137
2022-08-02 12:05:27,724 INFO [Thread-3] c.a.c.CounterController [CounterController.java:28] logger count 138
2022-08-02 12:05:27,834 INFO [Thread-3] c.a.c.CounterController [CounterController.java:28] logger count 139
2022-08-02 12:05:27,942 INFO [Thread-3] c.a.c.CounterController [CounterController.java:28] logger count 140
2022-08-02 12:05:28,052 INFO [Thread-3] c.a.c.CounterController [CounterController.java:28] logger count 141
2022-08-02 12:05:28,159 INFO [Thread-3] c.a.c.CounterController [CounterController.java:28] logger count 142
2022-08-02 12:05:28,269 INFO [Thread-3] c.a.c.CounterController [CounterController.java:28] logger count 143
2022-08-02 12:05:28,376 INFO [Thread-3] c.a.c.CounterController [CounterController.java:28] logger count 144
2022-08-02 12:05:28,484 INFO [Thread-3] c.a.c.CounterController [CounterController.java:28] logger count 145
2022-08-02 12:05:28,593 INFO [Thread-3] c.a.c.CounterController [CounterController.java:28] logger count 146
2022-08-02 12:05:28,704 INFO [Thread-3] c.a.c.CounterController [CounterController.java:28] logger count 147
2022-08-02 12:05:28,814 INFO [Thread-3] c.a.c.CounterController [CounterController.java:28] logger count 148
2022-08-02 12:05:28,923 INFO [Thread-3] c.a.c.CounterController [CounterController.java:28] logger count 149
2022-08-02 12:05:29,033 INFO [Thread-3] c.a.c.CounterController [CounterController.java:28] logger count 150
2022-08-02 12:05:29,144 INFO [Thread-3] c.a.c.CounterController [CounterController.java:28] logger count 151
2022-08-02 12:05:29,253 INFO [Thread-3] c.a.c.CounterController [CounterController.java:28] logger count 152
2022-08-02 12:05:29,359 INFO [Thread-3] c.a.c.CounterController [CounterController.java:28] logger count 153
2022-08-02 12:05:29,468 INFO [Thread-3] c.a.c.CounterController [CounterController.java:28] logger count 154
2022-08-02 12:05:29,575 INFO [Thread-3] c.a.c.CounterController [CounterController.java:28] logger count 155
2022-08-02 12:05:29,684 INFO [Thread-3] c.a.c.CounterController [CounterController.java:28] logger count 156
2022-08-02 12:05:29,790 INFO [Thread-3] c.a.c.CounterController [CounterController.java:28] logger count 157
2022-08-02 12:05:29,898 INFO [Thread-3] c.a.c.CounterController [CounterController.java:28] logger count 158
2022-08-02 12:05:30,024 INFO [Thread-3] c.a.c.CounterController [CounterController.java:28] logger count 159
2022-08-02 12:05:30,135 INFO [Thread-3] c.a.c.CounterController [CounterController.java:28] logger count 160
2022-08-02 12:05:30,245 INFO [Thread-3] c.a.c.CounterController [CounterController.java:28] logger count 161
2022-08-02 12:05:30,355 INFO [Thread-3] c.a.c.CounterController [CounterController.java:28] logger count 162
2022-08-02 12:05:30,466 INFO [Thread-3] c.a.c.CounterController [CounterController.java:28] logger count 163
2022-08-02 12:05:30,574 INFO [Thread-3] c.a.c.CounterController [CounterController.java:28] logger count 164
2022-08-02 12:05:30,683 INFO [Thread-3] c.a.c.CounterController [CounterController.java:28] logger count 165
2022-08-02 12:05:30,791 INFO [Thread-3] c.a.c.CounterController [CounterController.java:28] logger count 166
2022-08-02 12:05:30,899 INFO [Thread-3] c.a.c.CounterController [CounterController.java:28] logger count 167
2022-08-02 12:05:31,008 INFO [Thread-3] c.a.c.CounterController [CounterController.java:28] logger count 168
2022-08-02 12:05:31,118 INFO [Thread-3] c.a.c.CounterController [CounterController.java:28] logger count 169
2022-08-02 12:05:31,230 INFO [Thread-3] c.a.c.CounterController [CounterController.java:28] logger count 170
2022-08-02 12:05:31,338 INFO [Thread-3] c.a.c.CounterController [CounterController.java:28] logger count 171
2022-08-02 12:05:31,448 INFO [Thread-3] c.a.c.CounterController [CounterController.java:28] logger count 172
2022-08-02 12:05:31,556 INFO [Thread-3] c.a.c.CounterController [CounterController.java:28] logger count 173
2022-08-02 12:05:31,665 INFO [Thread-3] c.a.c.CounterController [CounterController.java:28] logger count 174
2022-08-02 12:05:31,775 INFO [Thread-3] c.a.c.CounterController [CounterController.java:28] logger count 175
2022-08-02 12:05:31,883 INFO [Thread-3] c.a.c.CounterController [CounterController.java:28] logger count 176
2022-08-02 12:05:31,992 INFO [Thread-3] c.a.c.CounterController [CounterController.java:28] logger count 177
2022-08-02 12:05:32,100 INFO [Thread-3] c.a.c.CounterController [CounterController.java:28] logger count 178
2022-08-02 12:05:32,207 INFO [Thread-3] c.a.c.CounterController [CounterController.java:28] logger count 179
2022-08-02 12:05:32,318 INFO [Thread-3] c.a.c.CounterController [CounterController.java:28] logger count 180
2022-08-02 12:05:32,425 INFO [Thread-3] c.a.c.CounterController [CounterController.java:28] logger count 181
2022-08-02 12:05:32,535 INFO [Thread-3] c.a.c.CounterController [CounterController.java:28] logger count 182
2022-08-02 12:05:32,645 INFO [Thread-3] c.a.c.CounterController [CounterController.java:28] logger count 183
2022-08-02 12:05:32,754 INFO [Thread-3] c.a.c.CounterController [CounterController.java:28] logger count 184
2022-08-02 12:05:32,862 INFO [Thread-3] c.a.c.CounterController [CounterController.java:28] logger count 185
2022-08-02 12:05:32,972 INFO [Thread-3] c.a.c.CounterController [CounterController.java:28] logger count 186
2022-08-02 12:05:33,083 INFO [Thread-3] c.a.c.CounterController [CounterController.java:28] logger count 187
2022-08-02 12:05:33,189 INFO [Thread-3] c.a.c.CounterController [CounterController.java:28] logger count 188
2022-08-02 12:05:33,296 INFO [Thread-3] c.a.c.CounterController [CounterController.java:28] logger count 189
2022-08-02 12:05:33,406 INFO [Thread-3] c.a.c.CounterController [CounterController.java:28] logger count 190
2022-08-02 12:05:33,516 INFO [Thread-3] c.a.c.CounterController [CounterController.java:28] logger count 191
2022-08-02 12:05:33,625 INFO [Thread-3] c.a.c.CounterController [CounterController.java:28] logger count 192
2022-08-02 12:05:33,734 INFO [Thread-3] c.a.c.CounterController [CounterController.java:28] logger count 193
2022-08-02 12:05:33,842 INFO [Thread-3] c.a.c.CounterController [CounterController.java:28] logger count 194
2022-08-02 12:05:33,951 INFO [Thread-3] c.a.c.CounterController [CounterController.java:28] logger count 195
2022-08-02 12:05:34,061 INFO [Thread-3] c.a.c.CounterController [CounterController.java:28] logger count 196
2022-08-02 12:05:34,172 INFO [Thread-3] c.a.c.CounterController [CounterController.java:28] logger count 197
2022-08-02 12:05:34,272 INFO [Thread-3] c.a.c.CounterController [CounterController.java:28] logger count 198
2022-08-02 12:05:34,373 INFO [Thread-3] c.a.c.CounterController [CounterController.java:28] logger count 199
2022-08-02 12:05:34,474 INFO [Thread-3] c.a.c.CounterController [CounterController.java:28] logger count 200
2022-08-02 12:05:34,575 INFO [Thread-3] c.a.c.CounterController [CounterController.java:28] logger count 201
2022-08-02 12:05:34,678 INFO [Thread-3] c.a.c.CounterController [CounterController.java:28] logger count 202
2022-08-02 12:05:34,779 INFO [Thread-3] c.a.c.CounterController [CounterController.java:28] logger count 203
2022-08-02 12:05:34,881 INFO [Thread-3] c.a.c.CounterController [CounterController.java:28] logger count 204
2022-08-02 12:05:34,982 INFO [Thread-3] c.a.c.CounterController [CounterController.java:28] logger count 205
2022-08-02 12:05:35,082 INFO [Thread-3] c.a.c.CounterController [CounterController.java:28] logger count 206
2022-08-02 12:05:35,183 INFO [Thread-3] c.a.c.CounterController [CounterController.java:28] logger count 207
2022-08-02 12:05:35,293 INFO [Thread-3] c.a.c.CounterController [CounterController.java:28] logger count 208
2022-08-02 12:05:35,400 INFO [Thread-3] c.a.c.CounterController [CounterController.java:28] logger count 209
2022-08-02 12:05:35,509 INFO [Thread-3] c.a.c.CounterController [CounterController.java:28] logger count 210
2022-08-02 12:05:35,621 INFO [Thread-3] c.a.c.CounterController [CounterController.java:28] logger count 211
2022-08-02 12:05:35,729 INFO [Thread-3] c.a.c.CounterController [CounterController.java:28] logger count 212
2022-08-02 12:05:35,838 INFO [Thread-3] c.a.c.CounterController [CounterController.java:28] logger count 213
2022-08-02 12:05:35,946 INFO [Thread-3] c.a.c.CounterController [CounterController.java:28] logger count 214
2022-08-02 12:05:36,053 INFO [Thread-3] c.a.c.CounterController [CounterController.java:28] logger count 215
2022-08-02 12:05:36,159 INFO [Thread-3] c.a.c.CounterController [CounterController.java:28] logger count 216
2022-08-02 12:05:36,268 INFO [Thread-3] c.a.c.CounterController [CounterController.java:28] logger count 217
2022-08-02 12:05:36,377 INFO [Thread-3] c.a.c.CounterController [CounterController.java:28] logger count 218
2022-08-02 12:05:36,486 INFO [Thread-3] c.a.c.CounterController [CounterController.java:28] logger count 219
2022-08-02 12:05:36,596 INFO [Thread-3] c.a.c.CounterController [CounterController.java:28] logger count 220
2022-08-02 12:05:36,705 INFO [Thread-3] c.a.c.CounterController [CounterController.java:28] logger count 221
2022-08-02 12:05:36,815 INFO [Thread-3] c.a.c.CounterController [CounterController.java:28] logger count 222
2022-08-02 12:05:36,923 INFO [Thread-3] c.a.c.CounterController [CounterController.java:28] logger count 223
2022-08-02 12:05:37,030 INFO [Thread-3] c.a.c.CounterController [CounterController.java:28] logger count 224
2022-08-02 12:05:37,138 INFO [Thread-3] c.a.c.CounterController [CounterController.java:28] logger count 225
2022-08-02 12:05:37,245 INFO [Thread-3] c.a.c.CounterController [CounterController.java:28] logger count 226
2022-08-02 12:05:37,356 INFO [Thread-3] c.a.c.CounterController [CounterController.java:28] logger count 227
2022-08-02 12:05:37,466 INFO [Thread-3] c.a.c.CounterController [CounterController.java:28] logger count 228
2022-08-02 12:05:37,574 INFO [Thread-3] c.a.c.CounterController [CounterController.java:28] logger count 229
2022-08-02 12:05:37,630 INFO [http-nio-8080-exec-5] c.a.c.CounterController [CounterController.java:46] stopping task.....a
2022-08-02 12:05:37,682 INFO [Thread-3] c.a.c.CounterController [CounterController.java:28] logger count 230
2022-08-02 12:05:37,682 INFO [Thread-3] c.a.c.CounterController [CounterController.java:33] stopped task.....at 231
2022-08-02 12:06:17,927 INFO [RMI TCP Connection(4)-127.0.0.1] o.s.b.a.SpringApplicationAdminMXBeanRegistrar$SpringApplicationAdmin [SpringApplicationAdminMXBeanRegistrar.java:159] Application shutdown requested.
2022-08-02 12:06:17,957 INFO [RMI TCP Connection(4)-127.0.0.1] o.s.s.c.ThreadPoolTaskExecutor [ExecutorConfigurationSupport.java:218] Shutting down ExecutorService 'applicationTaskExecutor'
